#
# There is insufficient memory for the Java Runtime Environment to continue.
# Native memory allocation (malloc) failed to allocate 453056 bytes for Chunk::new
# Possible reasons:
#   The system is out of physical RAM or swap space
#   The process is running with CompressedOops enabled, and the Java Heap may be blocking the growth of the native heap
# Possible solutions:
#   Reduce memory load on the system
#   Increase physical memory or swap space
#   Check if swap backing store is full
#   Decrease Java heap size (-Xmx/-Xms)
#   Decrease number of Java threads
#   Decrease Java thread stack sizes (-Xss)
#   Set larger code cache with -XX:ReservedCodeCacheSize=
#   JVM is running with Unscaled Compressed Oops mode in which the Java heap is
#     placed in the first 4GB address space. The Java Heap base address is the
#     maximum limit for the native heap growth. Please use -XX:HeapBaseMinAddress
#     to set the Java Heap base and to place the Java Heap above 4GB virtual address.
# This output file may be truncated or incomplete.
#
#  Out of Memory Error (arena.cpp:184), pid=16652, tid=10836
#
# JRE version: Java(TM) SE Runtime Environment (20.0.1+9) (build 20.0.1+9-29)
# Java VM: Java HotSpot(TM) 64-Bit Server VM (20.0.1+9-29, mixed mode, sharing, tiered, compressed oops, compressed class ptrs, g1 gc, windows-amd64)
# No core dump will be written. Minidumps are not enabled by default on client versions of Windows
#

---------------  S U M M A R Y ------------

Command Line: -Dfile.encoding=UTF-8 --module-path=C:\Users\User\Documents\NetBeansProjects\student1\build\classes student1.Home

Host: Intel(R) Core(TM) i3-7100U CPU @ 2.40GHz, 4 cores, 3G,  Windows 10 , 64 bit Build 19041 (10.0.19041.3155)
Time: Mon Sep 25 20:22:56 2023 Sri Lanka Standard Time elapsed time: 0.620888 seconds (0d 0h 0m 0s)

---------------  T H R E A D  ---------------

Current thread (0x000001f37ce63230):  JavaThread "C2 CompilerThread0" daemon [_thread_in_native, id=10836, stack(0x0000005645e00000,0x0000005645f00000)]


Current CompileTask:
C2:    620  746 % !   4       sun.awt.image.ImageRepresentation::getOpaqueRGBImage @ 54 (164 bytes)

Stack: [0x0000005645e00000,0x0000005645f00000]
Native frames: (J=compiled Java code, j=interpreted, Vv=VM code, C=native code)
V  [jvm.dll+0x6bb95a]
V  [jvm.dll+0x8485fa]
V  [jvm.dll+0x84a1f5]
V  [jvm.dll+0x84a8f3]
V  [jvm.dll+0x280b0f]
V  [jvm.dll+0xc2b11]
V  [jvm.dll+0xc2e35]
V  [jvm.dll+0x2f5dbf]
V  [jvm.dll+0x5e32eb]
V  [jvm.dll+0x2543b4]
V  [jvm.dll+0x24cc3a]
V  [jvm.dll+0x24a549]
V  [jvm.dll+0x1ce491]
V  [jvm.dll+0x259e1b]
V  [jvm.dll+0x2584f0]
V  [jvm.dll+0x3f2895]
V  [jvm.dll+0x7f4b56]
V  [jvm.dll+0x6ba5cb]
C  [ucrtbase.dll+0x21bb2]
C  [KERNEL32.DLL+0x17614]
C  [ntdll.dll+0x526b1]


---------------  P R O C E S S  ---------------

Threads class SMR info:
_java_thread_list=0x000001f37db5fd60, length=17, elements={
0x000001f3623780b0, 0x000001f37ce4c530, 0x000001f37ce4d330, 0x000001f37ce4e130,
0x000001f37ce51e10, 0x000001f37ce52750, 0x000001f37ce5b0a0, 0x000001f37ce63230,
0x000001f37ce64bc0, 0x000001f37d072560, 0x000001f37d0c6500, 0x000001f37d30ca50,
0x000001f37d312280, 0x000001f37d31d6d0, 0x000001f37d3aa430, 0x000001f37d3f6f70,
0x000001f37ded9b60
}

Java Threads: ( => current thread )
  0x000001f3623780b0 JavaThread "main" [_thread_in_native, id=16756, stack(0x0000005645100000,0x0000005645200000)]
  0x000001f37ce4c530 JavaThread "Reference Handler" daemon [_thread_blocked, id=6492, stack(0x0000005645800000,0x0000005645900000)]
  0x000001f37ce4d330 JavaThread "Finalizer" daemon [_thread_blocked, id=7120, stack(0x0000005645900000,0x0000005645a00000)]
  0x000001f37ce4e130 JavaThread "Signal Dispatcher" daemon [_thread_blocked, id=9444, stack(0x0000005645a00000,0x0000005645b00000)]
  0x000001f37ce51e10 JavaThread "Attach Listener" daemon [_thread_blocked, id=11564, stack(0x0000005645b00000,0x0000005645c00000)]
  0x000001f37ce52750 JavaThread "Service Thread" daemon [_thread_blocked, id=10776, stack(0x0000005645c00000,0x0000005645d00000)]
  0x000001f37ce5b0a0 JavaThread "Monitor Deflation Thread" daemon [_thread_blocked, id=9580, stack(0x0000005645d00000,0x0000005645e00000)]
=>0x000001f37ce63230 JavaThread "C2 CompilerThread0" daemon [_thread_in_native, id=10836, stack(0x0000005645e00000,0x0000005645f00000)]
  0x000001f37ce64bc0 JavaThread "C1 CompilerThread0" daemon [_thread_blocked, id=12232, stack(0x0000005645f00000,0x0000005646000000)]
  0x000001f37d072560 JavaThread "Common-Cleaner" daemon [_thread_blocked, id=8788, stack(0x0000005646000000,0x0000005646100000)]
  0x000001f37d0c6500 JavaThread "Notification Thread" daemon [_thread_blocked, id=9184, stack(0x0000005646100000,0x0000005646200000)]
  0x000001f37d30ca50 JavaThread "Java2D Disposer" daemon [_thread_blocked, id=2264, stack(0x0000005646300000,0x0000005646400000)]
  0x000001f37d312280 JavaThread "AWT-Shutdown" [_thread_blocked, id=11848, stack(0x0000005646400000,0x0000005646500000)]
  0x000001f37d31d6d0 JavaThread "AWT-Windows" daemon [_thread_in_native, id=340, stack(0x0000005646500000,0x0000005646600000)]
  0x000001f37d3aa430 JavaThread "Image Fetcher 0" daemon [_thread_blocked, id=10960, stack(0x0000005646600000,0x0000005646700000)]
  0x000001f37d3f6f70 JavaThread "Image Fetcher 1" daemon [_thread_blocked, id=752, stack(0x0000005646700000,0x0000005646800000)]
  0x000001f37ded9b60 JavaThread "AWT-EventQueue-0" [_thread_in_vm, id=3872, stack(0x0000005646800000,0x0000005646900000)]

Other Threads:
  0x000001f362442c30 VMThread "VM Thread" [stack: 0x0000005645700000,0x0000005645800000] [id=312]
  0x000001f37d0cea40 WatcherThread "VM Periodic Task Thread" [stack: 0x0000005646200000,0x0000005646300000] [id=14992]
  0x000001f3623ba730 WorkerThread "GC Thread#0" [stack: 0x0000005645200000,0x0000005645300000] [id=3140]
  0x000001f3623c32d0 ConcurrentGCThread "G1 Main Marker" [stack: 0x0000005645300000,0x0000005645400000] [id=10296]
  0x000001f3623c3db0 WorkerThread "G1 Conc#0" [stack: 0x0000005645400000,0x0000005645500000] [id=13056]
  0x000001f36241c260 ConcurrentGCThread "G1 Refine#0" [stack: 0x0000005645500000,0x0000005645600000] [id=16512]
  0x000001f36241cc10 ConcurrentGCThread "G1 Service" [stack: 0x0000005645600000,0x0000005645700000] [id=14636]

Threads with active compile tasks:
C2 CompilerThread0      658  746 % !   4       sun.awt.image.ImageRepresentation::getOpaqueRGBImage @ 54 (164 bytes)
C1 CompilerThread0      658  855       3       jdk.internal.logger.LazyLoggers$LazyLoggerWrapper::platformProxy (10 bytes)

VM state: not at safepoint (normal execution)

VM Mutex/Monitor currently owned by a thread: None

Heap address: 0x00000000c1400000, size: 1004 MB, Compressed Oops mode: 32-bit

CDS archive(s) mapped at: [0x0000000800000000-0x0000000800c60000-0x0000000800c60000), size 12976128, SharedBaseAddress: 0x0000000800000000, ArchiveRelocationMode: 0.
Compressed class space mapped at: 0x0000000801000000-0x0000000841000000, reserved size: 1073741824
Narrow klass base: 0x0000000800000000, Narrow klass shift: 0, Narrow klass range: 0x100000000

GC Precious Log:
 CardTable entry size: 512
 Card Set container configuration: InlinePtr #cards 5 size 8 Array Of Cards #cards 12 size 40 Howl #buckets 4 coarsen threshold 1843 Howl Bitmap #cards 512 size 80 coarsen threshold 460 Card regions per heap region 1 cards per card region 2048
 CPUs: 4 total, 4 available
 Memory: 4011M
 Large Page Support: Disabled
 NUMA Support: Disabled
 Compressed Oops: Enabled (32-bit)
 Heap Region Size: 1M
 Heap Min Capacity: 8M
 Heap Initial Capacity: 64M
 Heap Max Capacity: 1004M
 Pre-touch: Disabled
 Parallel Workers: 4
 Concurrent Workers: 1
 Concurrent Refinement Workers: 4
 Periodic GC: Disabled

Heap:
 garbage-first heap   total 65536K, used 14336K [0x00000000c1400000, 0x0000000100000000)
  region size 1024K, 12 young (12288K), 0 survivors (0K)
 Metaspace       used 6329K, committed 6528K, reserved 1114112K
  class space    used 667K, committed 768K, reserved 1048576K

Heap Regions: E=young(eden), S=young(survivor), O=old, HS=humongous(starts), HC=humongous(continues), CS=collection set, F=free, OA=open archive, CA=closed archive, TAMS=top-at-mark-start, PB=parsable bottom
|   0|0x00000000c1400000, 0x00000000c1500000, 0x00000000c1500000|100%|HS|  |TAMS 0x00000000c1400000| PB 0x00000000c1400000| Complete 
|   1|0x00000000c1500000, 0x00000000c1600000, 0x00000000c1600000|100%|HC|  |TAMS 0x00000000c1500000| PB 0x00000000c1500000| Complete 
|   2|0x00000000c1600000, 0x00000000c1700000, 0x00000000c1700000|100%|HC|  |TAMS 0x00000000c1600000| PB 0x00000000c1600000| Complete 
|   3|0x00000000c1700000, 0x00000000c1700000, 0x00000000c1800000|  0%| F|  |TAMS 0x00000000c1700000| PB 0x00000000c1700000| Untracked 
|   4|0x00000000c1800000, 0x00000000c1800000, 0x00000000c1900000|  0%| F|  |TAMS 0x00000000c1800000| PB 0x00000000c1800000| Untracked 
|   5|0x00000000c1900000, 0x00000000c1900000, 0x00000000c1a00000|  0%| F|  |TAMS 0x00000000c1900000| PB 0x00000000c1900000| Untracked 
|   6|0x00000000c1a00000, 0x00000000c1a00000, 0x00000000c1b00000|  0%| F|  |TAMS 0x00000000c1a00000| PB 0x00000000c1a00000| Untracked 
|   7|0x00000000c1b00000, 0x00000000c1b00000, 0x00000000c1c00000|  0%| F|  |TAMS 0x00000000c1b00000| PB 0x00000000c1b00000| Untracked 
|   8|0x00000000c1c00000, 0x00000000c1c00000, 0x00000000c1d00000|  0%| F|  |TAMS 0x00000000c1c00000| PB 0x00000000c1c00000| Untracked 
|   9|0x00000000c1d00000, 0x00000000c1d00000, 0x00000000c1e00000|  0%| F|  |TAMS 0x00000000c1d00000| PB 0x00000000c1d00000| Untracked 
|  10|0x00000000c1e00000, 0x00000000c1e00000, 0x00000000c1f00000|  0%| F|  |TAMS 0x00000000c1e00000| PB 0x00000000c1e00000| Untracked 
|  11|0x00000000c1f00000, 0x00000000c1f00000, 0x00000000c2000000|  0%| F|  |TAMS 0x00000000c1f00000| PB 0x00000000c1f00000| Untracked 
|  12|0x00000000c2000000, 0x00000000c2000000, 0x00000000c2100000|  0%| F|  |TAMS 0x00000000c2000000| PB 0x00000000c2000000| Untracked 
|  13|0x00000000c2100000, 0x00000000c2100000, 0x00000000c2200000|  0%| F|  |TAMS 0x00000000c2100000| PB 0x00000000c2100000| Untracked 
|  14|0x00000000c2200000, 0x00000000c2200000, 0x00000000c2300000|  0%| F|  |TAMS 0x00000000c2200000| PB 0x00000000c2200000| Untracked 
|  15|0x00000000c2300000, 0x00000000c2300000, 0x00000000c2400000|  0%| F|  |TAMS 0x00000000c2300000| PB 0x00000000c2300000| Untracked 
|  16|0x00000000c2400000, 0x00000000c2400000, 0x00000000c2500000|  0%| F|  |TAMS 0x00000000c2400000| PB 0x00000000c2400000| Untracked 
|  17|0x00000000c2500000, 0x00000000c2500000, 0x00000000c2600000|  0%| F|  |TAMS 0x00000000c2500000| PB 0x00000000c2500000| Untracked 
|  18|0x00000000c2600000, 0x00000000c2600000, 0x00000000c2700000|  0%| F|  |TAMS 0x00000000c2600000| PB 0x00000000c2600000| Untracked 
|  19|0x00000000c2700000, 0x00000000c2700000, 0x00000000c2800000|  0%| F|  |TAMS 0x00000000c2700000| PB 0x00000000c2700000| Untracked 
|  20|0x00000000c2800000, 0x00000000c2800000, 0x00000000c2900000|  0%| F|  |TAMS 0x00000000c2800000| PB 0x00000000c2800000| Untracked 
|  21|0x00000000c2900000, 0x00000000c2900000, 0x00000000c2a00000|  0%| F|  |TAMS 0x00000000c2900000| PB 0x00000000c2900000| Untracked 
|  22|0x00000000c2a00000, 0x00000000c2a00000, 0x00000000c2b00000|  0%| F|  |TAMS 0x00000000c2a00000| PB 0x00000000c2a00000| Untracked 
|  23|0x00000000c2b00000, 0x00000000c2b00000, 0x00000000c2c00000|  0%| F|  |TAMS 0x00000000c2b00000| PB 0x00000000c2b00000| Untracked 
|  24|0x00000000c2c00000, 0x00000000c2c00000, 0x00000000c2d00000|  0%| F|  |TAMS 0x00000000c2c00000| PB 0x00000000c2c00000| Untracked 
|  25|0x00000000c2d00000, 0x00000000c2d00000, 0x00000000c2e00000|  0%| F|  |TAMS 0x00000000c2d00000| PB 0x00000000c2d00000| Untracked 
|  26|0x00000000c2e00000, 0x00000000c2e00000, 0x00000000c2f00000|  0%| F|  |TAMS 0x00000000c2e00000| PB 0x00000000c2e00000| Untracked 
|  27|0x00000000c2f00000, 0x00000000c2f00000, 0x00000000c3000000|  0%| F|  |TAMS 0x00000000c2f00000| PB 0x00000000c2f00000| Untracked 
|  28|0x00000000c3000000, 0x00000000c3000000, 0x00000000c3100000|  0%| F|  |TAMS 0x00000000c3000000| PB 0x00000000c3000000| Untracked 
|  29|0x00000000c3100000, 0x00000000c3100000, 0x00000000c3200000|  0%| F|  |TAMS 0x00000000c3100000| PB 0x00000000c3100000| Untracked 
|  30|0x00000000c3200000, 0x00000000c3200000, 0x00000000c3300000|  0%| F|  |TAMS 0x00000000c3200000| PB 0x00000000c3200000| Untracked 
|  31|0x00000000c3300000, 0x00000000c3300000, 0x00000000c3400000|  0%| F|  |TAMS 0x00000000c3300000| PB 0x00000000c3300000| Untracked 
|  32|0x00000000c3400000, 0x00000000c3400000, 0x00000000c3500000|  0%| F|  |TAMS 0x00000000c3400000| PB 0x00000000c3400000| Untracked 
|  33|0x00000000c3500000, 0x00000000c3500000, 0x00000000c3600000|  0%| F|  |TAMS 0x00000000c3500000| PB 0x00000000c3500000| Untracked 
|  34|0x00000000c3600000, 0x00000000c3600000, 0x00000000c3700000|  0%| F|  |TAMS 0x00000000c3600000| PB 0x00000000c3600000| Untracked 
|  35|0x00000000c3700000, 0x00000000c3700000, 0x00000000c3800000|  0%| F|  |TAMS 0x00000000c3700000| PB 0x00000000c3700000| Untracked 
|  36|0x00000000c3800000, 0x00000000c3800000, 0x00000000c3900000|  0%| F|  |TAMS 0x00000000c3800000| PB 0x00000000c3800000| Untracked 
|  37|0x00000000c3900000, 0x00000000c3900000, 0x00000000c3a00000|  0%| F|  |TAMS 0x00000000c3900000| PB 0x00000000c3900000| Untracked 
|  38|0x00000000c3a00000, 0x00000000c3a00000, 0x00000000c3b00000|  0%| F|  |TAMS 0x00000000c3a00000| PB 0x00000000c3a00000| Untracked 
|  39|0x00000000c3b00000, 0x00000000c3b00000, 0x00000000c3c00000|  0%| F|  |TAMS 0x00000000c3b00000| PB 0x00000000c3b00000| Untracked 
|  40|0x00000000c3c00000, 0x00000000c3c00000, 0x00000000c3d00000|  0%| F|  |TAMS 0x00000000c3c00000| PB 0x00000000c3c00000| Untracked 
|  41|0x00000000c3d00000, 0x00000000c3d00000, 0x00000000c3e00000|  0%| F|  |TAMS 0x00000000c3d00000| PB 0x00000000c3d00000| Untracked 
|  42|0x00000000c3e00000, 0x00000000c3e00000, 0x00000000c3f00000|  0%| F|  |TAMS 0x00000000c3e00000| PB 0x00000000c3e00000| Untracked 
|  43|0x00000000c3f00000, 0x00000000c3f00000, 0x00000000c4000000|  0%| F|  |TAMS 0x00000000c3f00000| PB 0x00000000c3f00000| Untracked 
|  44|0x00000000c4000000, 0x00000000c4000000, 0x00000000c4100000|  0%| F|  |TAMS 0x00000000c4000000| PB 0x00000000c4000000| Untracked 
|  45|0x00000000c4100000, 0x00000000c4100000, 0x00000000c4200000|  0%| F|  |TAMS 0x00000000c4100000| PB 0x00000000c4100000| Untracked 
|  46|0x00000000c4200000, 0x00000000c4200000, 0x00000000c4300000|  0%| F|  |TAMS 0x00000000c4200000| PB 0x00000000c4200000| Untracked 
|  47|0x00000000c4300000, 0x00000000c4300000, 0x00000000c4400000|  0%| F|  |TAMS 0x00000000c4300000| PB 0x00000000c4300000| Untracked 
|  48|0x00000000c4400000, 0x00000000c4400000, 0x00000000c4500000|  0%| F|  |TAMS 0x00000000c4400000| PB 0x00000000c4400000| Untracked 
|  49|0x00000000c4500000, 0x00000000c4500000, 0x00000000c4600000|  0%| F|  |TAMS 0x00000000c4500000| PB 0x00000000c4500000| Untracked 
|  50|0x00000000c4600000, 0x00000000c4600000, 0x00000000c4700000|  0%| F|  |TAMS 0x00000000c4600000| PB 0x00000000c4600000| Untracked 
|  51|0x00000000c4700000, 0x00000000c4700000, 0x00000000c4800000|  0%| F|  |TAMS 0x00000000c4700000| PB 0x00000000c4700000| Untracked 
|  52|0x00000000c4800000, 0x00000000c48863d0, 0x00000000c4900000| 52%| E|  |TAMS 0x00000000c4800000| PB 0x00000000c4800000| Complete 
|  53|0x00000000c4900000, 0x00000000c4a00000, 0x00000000c4a00000|100%| E|CS|TAMS 0x00000000c4900000| PB 0x00000000c4900000| Complete 
|  54|0x00000000c4a00000, 0x00000000c4b00000, 0x00000000c4b00000|100%| E|CS|TAMS 0x00000000c4a00000| PB 0x00000000c4a00000| Complete 
|  55|0x00000000c4b00000, 0x00000000c4c00000, 0x00000000c4c00000|100%| E|CS|TAMS 0x00000000c4b00000| PB 0x00000000c4b00000| Complete 
|  56|0x00000000c4c00000, 0x00000000c4d00000, 0x00000000c4d00000|100%| E|CS|TAMS 0x00000000c4c00000| PB 0x00000000c4c00000| Complete 
|  57|0x00000000c4d00000, 0x00000000c4e00000, 0x00000000c4e00000|100%| E|CS|TAMS 0x00000000c4d00000| PB 0x00000000c4d00000| Complete 
|  58|0x00000000c4e00000, 0x00000000c4f00000, 0x00000000c4f00000|100%| E|CS|TAMS 0x00000000c4e00000| PB 0x00000000c4e00000| Complete 
|  59|0x00000000c4f00000, 0x00000000c5000000, 0x00000000c5000000|100%| E|CS|TAMS 0x00000000c4f00000| PB 0x00000000c4f00000| Complete 
|  60|0x00000000c5000000, 0x00000000c5100000, 0x00000000c5100000|100%| E|CS|TAMS 0x00000000c5000000| PB 0x00000000c5000000| Complete 
|  61|0x00000000c5100000, 0x00000000c5200000, 0x00000000c5200000|100%| E|CS|TAMS 0x00000000c5100000| PB 0x00000000c5100000| Complete 
|  62|0x00000000c5200000, 0x00000000c5300000, 0x00000000c5300000|100%| E|CS|TAMS 0x00000000c5200000| PB 0x00000000c5200000| Complete 
|  63|0x00000000c5300000, 0x00000000c5400000, 0x00000000c5400000|100%| E|CS|TAMS 0x00000000c5300000| PB 0x00000000c5300000| Complete 

Card table byte_map: [0x000001f379640000,0x000001f379840000] _byte_map_base: 0x000001f379036000

Marking Bits: (CMBitMap*) 0x000001f3623bac70
 Bits: [0x000001f379a40000, 0x000001f37a9f0000)

Polling page: 0x000001f360330000

Metaspace:

Usage:
  Non-class:      5.53 MB used.
      Class:    667.73 KB used.
       Both:      6.18 MB used.

Virtual space:
  Non-class space:       64.00 MB reserved,       5.69 MB (  9%) committed,  1 nodes.
      Class space:        1.00 GB reserved,     768.00 KB ( <1%) committed,  1 nodes.
             Both:        1.06 GB reserved,       6.44 MB ( <1%) committed. 

Chunk freelists:
   Non-Class:  2.36 MB
       Class:  3.23 MB
        Both:  5.59 MB

MaxMetaspaceSize: unlimited
CompressedClassSpaceSize: 1.00 GB
Initial GC threshold: 21.00 MB
Current GC threshold: 21.00 MB
CDS: on
MetaspaceReclaimPolicy: balanced
 - commit_granule_bytes: 65536.
 - commit_granule_words: 8192.
 - virtual_space_node_default_size: 8388608.
 - enlarge_chunks_in_place: 1.
 - new_chunks_are_fully_committed: 0.
 - uncommit_free_chunks: 1.
 - use_allocation_guard: 0.


Internal statistics:

num_allocs_failed_limit: 0.
num_arena_births: 150.
num_arena_deaths: 0.
num_vsnodes_births: 2.
num_vsnodes_deaths: 0.
num_space_committed: 103.
num_space_uncommitted: 0.
num_chunks_returned_to_freelist: 0.
num_chunks_taken_from_freelist: 181.
num_chunk_merges: 0.
num_chunk_splits: 108.
num_chunks_enlarged: 42.
num_inconsistent_stats: 0.

CodeHeap 'non-profiled nmethods': size=120000Kb used=247Kb max_used=247Kb free=119753Kb
 bounds [0x000001f371f10000, 0x000001f372180000, 0x000001f379440000]
CodeHeap 'profiled nmethods': size=120000Kb used=1366Kb max_used=1366Kb free=118633Kb
 bounds [0x000001f36a440000, 0x000001f36a6b0000, 0x000001f371970000]
CodeHeap 'non-nmethods': size=5760Kb used=1564Kb max_used=1564Kb free=4195Kb
 bounds [0x000001f371970000, 0x000001f371be0000, 0x000001f371f10000]
 total_blobs=1433 nmethods=851 adapters=493
 compilation: enabled
              stopped_count=0, restarted_count=0
 full_count=0

Compilation events (20 events):
Event: 0.584 Thread 0x000001f37ce64bc0  770       3       java.lang.invoke.MethodType::methodType (21 bytes)
Event: 0.584 Thread 0x000001f37ce64bc0 nmethod 770 0x000001f36a578d90 code [0x000001f36a578f40, 0x000001f36a579108]
Event: 0.587 Thread 0x000001f37ce64bc0  772       3       java.lang.Integer::valueOf (32 bytes)
Event: 0.587 Thread 0x000001f37ce64bc0 nmethod 772 0x000001f36a579210 code [0x000001f36a5793c0, 0x000001f36a5796e0]
Event: 0.587 Thread 0x000001f37ce64bc0  773       3       java.lang.Integer::<init> (10 bytes)
Event: 0.587 Thread 0x000001f37ce64bc0 nmethod 773 0x000001f36a579810 code [0x000001f36a5799a0, 0x000001f36a579b70]
Event: 0.587 Thread 0x000001f37ce64bc0  774       3       java.lang.Integer::hashCode (8 bytes)
Event: 0.587 Thread 0x000001f37ce64bc0 nmethod 774 0x000001f36a579c90 code [0x000001f36a579e20, 0x000001f36a579f88]
Event: 0.587 Thread 0x000001f37ce64bc0  775       3       java.lang.Integer::hashCode (2 bytes)
Event: 0.587 Thread 0x000001f37ce64bc0 nmethod 775 0x000001f36a57a010 code [0x000001f36a57a1a0, 0x000001f36a57a290]
Event: 0.588 Thread 0x000001f37ce64bc0  776       1       java.lang.Integer::intValue (5 bytes)
Event: 0.588 Thread 0x000001f37ce64bc0 nmethod 776 0x000001f371f49510 code [0x000001f371f49680, 0x000001f371f49748]
Event: 0.595 Thread 0x000001f37ce64bc0  777       3       java.lang.invoke.InnerClassLambdaMetafactory::getOpcodeOffset (38 bytes)
Event: 0.595 Thread 0x000001f37ce64bc0 nmethod 777 0x000001f36a57a310 code [0x000001f36a57a4c0, 0x000001f36a57a7a0]
Event: 0.596 Thread 0x000001f37ce64bc0  778       3       java.lang.invoke.MethodHandles$Lookup::hasFullPrivilegeAccess (18 bytes)
Event: 0.596 Thread 0x000001f37ce64bc0 nmethod 778 0x000001f36a57a890 code [0x000001f36a57aa20, 0x000001f36a57ab90]
Event: 0.596 Thread 0x000001f37ce64bc0  779       3       java.lang.invoke.DirectMethodHandle::preparedLambdaForm (6 bytes)
Event: 0.596 Thread 0x000001f37ce64bc0 nmethod 779 0x000001f36a57ac10 code [0x000001f36a57ada0, 0x000001f36a57aeb8]
Event: 0.597 Thread 0x000001f37ce64bc0  780       3       jdk.internal.loader.NativeLibraries$NativeLibraryImpl::find (9 bytes)
Event: 0.598 Thread 0x000001f37ce64bc0 nmethod 780 0x000001f36a57af90 code [0x000001f36a57b120, 0x000001f36a57b258]

GC Heap History (0 events):
No events

Dll operation events (7 events):
Event: 0.015 Loaded shared library C:\Program Files\Java\jdk-20\bin\java.dll
Event: 0.035 Loaded shared library C:\Program Files\Java\jdk-20\bin\jsvml.dll
Event: 0.127 Loaded shared library C:\Program Files\Java\jdk-20\bin\net.dll
Event: 0.131 Loaded shared library C:\Program Files\Java\jdk-20\bin\nio.dll
Event: 0.167 Loaded shared library C:\Program Files\Java\jdk-20\bin\zip.dll
Event: 0.189 Loaded shared library C:\Program Files\Java\jdk-20\bin\jimage.dll
Event: 0.212 Loaded shared library C:\Program Files\Java\jdk-20\bin\awt.dll

Deoptimization events (20 events):
Event: 0.325 Thread 0x000001f3623780b0 Uncommon trap: trap_request=0xffffff45 fr.pc=0x000001f371f20754 relative=0x0000000000000a54
Event: 0.325 Thread 0x000001f3623780b0 Uncommon trap: reason=unstable_if action=reinterpret pc=0x000001f371f20754 method=java.util.HashMap.putVal(ILjava/lang/Object;Ljava/lang/Object;ZZ)Ljava/lang/Object; @ 81 c2
Event: 0.325 Thread 0x000001f3623780b0 DEOPT PACKING pc=0x000001f371f20754 sp=0x00000056451fe340
Event: 0.325 Thread 0x000001f3623780b0 DEOPT UNPACKING pc=0x000001f3719d9d22 sp=0x00000056451fe2f0 mode 2
Event: 0.467 Thread 0x000001f37d3aa430 Uncommon trap: trap_request=0xffffff45 fr.pc=0x000001f371f3ee5c relative=0x00000000000006fc
Event: 0.467 Thread 0x000001f37d3aa430 Uncommon trap: reason=unstable_if action=reinterpret pc=0x000001f371f3ee5c method=java.util.regex.Matcher.search(I)Z @ 30 c2
Event: 0.467 Thread 0x000001f37d3aa430 DEOPT PACKING pc=0x000001f371f3ee5c sp=0x00000056466fe810
Event: 0.467 Thread 0x000001f37d3aa430 DEOPT UNPACKING pc=0x000001f3719d9d22 sp=0x00000056466fe7f0 mode 2
Event: 0.561 Thread 0x000001f37d3aa430 Uncommon trap: trap_request=0xffffff45 fr.pc=0x000001f371f45cd4 relative=0x0000000000001174
Event: 0.561 Thread 0x000001f37d3aa430 Uncommon trap: reason=unstable_if action=reinterpret pc=0x000001f371f45cd4 method=sun.awt.image.PNGImageDecoder.produceImage()V @ 867 c2
Event: 0.561 Thread 0x000001f37d3aa430 DEOPT PACKING pc=0x000001f371f45cd4 sp=0x00000056466ff170
Event: 0.561 Thread 0x000001f37d3aa430 DEOPT UNPACKING pc=0x000001f3719d9d22 sp=0x00000056466ff0c0 mode 2
Event: 0.593 Thread 0x000001f37d31d6d0 Uncommon trap: trap_request=0xffffff45 fr.pc=0x000001f371f3a3ec relative=0x000000000000016c
Event: 0.593 Thread 0x000001f37d31d6d0 Uncommon trap: reason=unstable_if action=reinterpret pc=0x000001f371f3a3ec method=java.util.concurrent.locks.ReentrantLock$NonfairSync.initialTryLock()Z @ 10 c2
Event: 0.593 Thread 0x000001f37d31d6d0 DEOPT PACKING pc=0x000001f371f3a3ec sp=0x00000056465fdb00
Event: 0.593 Thread 0x000001f37d31d6d0 DEOPT UNPACKING pc=0x000001f3719d9d22 sp=0x00000056465fdaa8 mode 2
Event: 0.594 Thread 0x000001f37d31d6d0 Uncommon trap: trap_request=0xffffff45 fr.pc=0x000001f371f3afd4 relative=0x00000000000000d4
Event: 0.594 Thread 0x000001f37d31d6d0 Uncommon trap: reason=unstable_if action=reinterpret pc=0x000001f371f3afd4 method=java.util.concurrent.locks.ReentrantLock$Sync.tryRelease(I)Z @ 26 c2
Event: 0.594 Thread 0x000001f37d31d6d0 DEOPT PACKING pc=0x000001f371f3afd4 sp=0x00000056465fdb50
Event: 0.594 Thread 0x000001f37d31d6d0 DEOPT UNPACKING pc=0x000001f3719d9d22 sp=0x00000056465fda30 mode 2

Classes loaded (20 events):
Event: 0.599 Loading class java/awt/Graphics2D
Event: 0.599 Loading class java/awt/Graphics2D done
Event: 0.599 Loading class sun/java2d/SunGraphics2D done
Event: 0.599 Loading class java/awt/AlphaComposite
Event: 0.599 Loading class java/awt/AlphaComposite done
Event: 0.599 Loading class java/awt/geom/Path2D
Event: 0.600 Loading class java/awt/geom/Path2D done
Event: 0.600 Loading class java/awt/geom/Path2D$Float
Event: 0.600 Loading class java/awt/geom/Path2D$Float done
Event: 0.600 Loading class sun/java2d/loops/BlitBg
Event: 0.600 Loading class sun/java2d/loops/BlitBg done
Event: 0.600 Loading class sun/java2d/loops/ScaledBlit
Event: 0.600 Loading class sun/java2d/loops/ScaledBlit done
Event: 0.600 Loading class sun/java2d/loops/FillRect
Event: 0.600 Loading class sun/java2d/loops/FillRect done
Event: 0.600 Loading class sun/java2d/loops/FillSpans
Event: 0.601 Loading class sun/java2d/loops/FillSpans done
Event: 0.601 Loading class sun/java2d/loops/FillParallelogram
Event: 0.601 Loading class sun/java2d/loops/FillParallelogram done
Event: 0.601 Loading class sun/java2d/loops/DrawParallelogram

Classes unloaded (0 events):
No events

Classes redefined (0 events):
No events

Internal exceptions (14 events):
Event: 0.133 Thread 0x000001f3623780b0 Exception <a 'sun/nio/fs/WindowsException'{0x00000000c523f148}> (0x00000000c523f148) 
thrown [s\open\src\hotspot\share\prims\jni.cpp, line 519]
Event: 0.137 Thread 0x000001f3623780b0 Exception <a 'sun/nio/fs/WindowsException'{0x00000000c5241498}> (0x00000000c5241498) 
thrown [s\open\src\hotspot\share\prims\jni.cpp, line 519]
Event: 0.138 Thread 0x000001f3623780b0 Exception <a 'sun/nio/fs/WindowsException'{0x00000000c5241ee8}> (0x00000000c5241ee8) 
thrown [s\open\src\hotspot\share\prims\jni.cpp, line 519]
Event: 0.138 Thread 0x000001f3623780b0 Exception <a 'sun/nio/fs/WindowsException'{0x00000000c5242958}> (0x00000000c5242958) 
thrown [s\open\src\hotspot\share\prims\jni.cpp, line 519]
Event: 0.200 Thread 0x000001f3623780b0 Exception <a 'java/lang/ClassNotFoundException'{0x00000000c51460d8}: sun/awt/resources/spi/awtProvider> (0x00000000c51460d8) 
thrown [s\open\src\hotspot\share\classfile\systemDictionary.cpp, line 305]
Event: 0.226 Thread 0x000001f3623780b0 Exception <a 'java/io/FileNotFoundException'{0x00000000c519c988}> (0x00000000c519c988) 
thrown [s\open\src\hotspot\share\prims\jni.cpp, line 519]
Event: 0.235 Thread 0x000001f3623780b0 Exception <a 'java/io/FileNotFoundException'{0x00000000c51c6918}> (0x00000000c51c6918) 
thrown [s\open\src\hotspot\share\prims\jni.cpp, line 519]
Event: 0.327 Thread 0x000001f3623780b0 Exception <a 'java/lang/NoSuchMethodError'{0x00000000c50e1460}: 'void java.lang.invoke.DirectMethodHandle$Holder.invokeSpecial(java.lang.Object, java.lang.Object, java.lang.Object)'> (0x00000000c50e1460) 
thrown [s\open\src\hotspot\share\interpreter\linkResolver.cpp, line 773]
Event: 0.340 Thread 0x000001f3623780b0 Exception <a 'java/lang/NoSuchMethodError'{0x00000000c4f0c180}: 'java.lang.Object java.lang.invoke.DirectMethodHandle$Holder.newInvokeSpecial(java.lang.Object, java.lang.Object, java.lang.Object, java.lang.Object, java.lang.Object)'> (0x00000000c4f0c180) 
thrown [s\open\src\hotspot\share\interpreter\linkResolver.cpp, line 773]
Event: 0.350 Thread 0x000001f3623780b0 Exception <a 'java/lang/NoSuchMethodError'{0x00000000c4f3ca28}: 'java.lang.Object java.lang.invoke.DirectMethodHandle$Holder.invokeStatic(java.lang.Object, int, java.lang.Object)'> (0x00000000c4f3ca28) 
thrown [s\open\src\hotspot\share\interpreter\linkResolver.cpp, line 773]
Event: 0.385 Thread 0x000001f3623780b0 Exception <a 'java/lang/ClassNotFoundException'{0x00000000c4ff81c0}: com/sun/swing/internal/plaf/metal/resources/spi/metalProvider> (0x00000000c4ff81c0) 
thrown [s\open\src\hotspot\share\classfile\systemDictionary.cpp, line 305]
Event: 0.386 Thread 0x000001f3623780b0 Exception <a 'java/lang/ClassNotFoundException'{0x00000000c4ffc170}: com/sun/swing/internal/plaf/basic/resources/spi/basicProvider> (0x00000000c4ffc170) 
thrown [s\open\src\hotspot\share\classfile\systemDictionary.cpp, line 305]
Event: 0.396 Thread 0x000001f3623780b0 Exception <a 'java/lang/NoSuchMethodError'{0x00000000c4e1b778}: 'int java.lang.invoke.Invokers$Holder.invokeExact_MT(java.lang.Object, java.lang.Object)'> (0x00000000c4e1b778) 
thrown [s\open\src\hotspot\share\interpreter\linkResolver.cpp, line 773]
Event: 0.484 Thread 0x000001f37d3aa430 Exception <a 'java/lang/NoSuchMethodError'{0x00000000c4c2f520}: 'java.lang.Object java.lang.invoke.DirectMethodHandle$Holder.newInvokeSpecial(java.lang.Object, java.lang.Object, java.lang.Object, int, int, int, int, int)'> (0x00000000c4c2f520) 
thrown [s\open\src\hotspot\share\interpreter\linkResolver.cpp, line 773]

VM Operations (10 events):
Event: 0.139 Executing VM operation: HandshakeAllThreads
Event: 0.139 Executing VM operation: HandshakeAllThreads done
Event: 0.244 Executing VM operation: HandshakeAllThreads
Event: 0.244 Executing VM operation: HandshakeAllThreads done
Event: 0.465 Executing VM operation: HandshakeAllThreads
Event: 0.465 Executing VM operation: HandshakeAllThreads done
Event: 0.543 Executing VM operation: HandshakeAllThreads
Event: 0.543 Executing VM operation: HandshakeAllThreads done
Event: 0.581 Executing VM operation: HandshakeAllThreads
Event: 0.581 Executing VM operation: HandshakeAllThreads done

Events (17 events):
Event: 0.036 Thread 0x000001f3623780b0 Thread added: 0x000001f3623780b0
Event: 0.058 Thread 0x000001f37ce4c530 Thread added: 0x000001f37ce4c530
Event: 0.058 Thread 0x000001f37ce4d330 Thread added: 0x000001f37ce4d330
Event: 0.058 Thread 0x000001f37ce4e130 Thread added: 0x000001f37ce4e130
Event: 0.059 Thread 0x000001f37ce51e10 Thread added: 0x000001f37ce51e10
Event: 0.059 Thread 0x000001f37ce52750 Thread added: 0x000001f37ce52750
Event: 0.059 Thread 0x000001f37ce5b0a0 Thread added: 0x000001f37ce5b0a0
Event: 0.059 Thread 0x000001f37ce63230 Thread added: 0x000001f37ce63230
Event: 0.059 Thread 0x000001f37ce64bc0 Thread added: 0x000001f37ce64bc0
Event: 0.105 Thread 0x000001f37d072560 Thread added: 0x000001f37d072560
Event: 0.159 Thread 0x000001f37d0c6500 Thread added: 0x000001f37d0c6500
Event: 0.283 Thread 0x000001f37d30ca50 Thread added: 0x000001f37d30ca50
Event: 0.285 Thread 0x000001f37d312280 Thread added: 0x000001f37d312280
Event: 0.287 Thread 0x000001f37d31d6d0 Thread added: 0x000001f37d31d6d0
Event: 0.405 Thread 0x000001f37d3aa430 Thread added: 0x000001f37d3aa430
Event: 0.571 Thread 0x000001f37d3f6f70 Thread added: 0x000001f37d3f6f70
Event: 0.593 Thread 0x000001f37ded9b60 Thread added: 0x000001f37ded9b60


Dynamic libraries:
0x00007ff788c40000 - 0x00007ff788c50000 	C:\Program Files\Java\jdk-20\bin\java.exe
0x00007ff8c7ad0000 - 0x00007ff8c7cc8000 	C:\Windows\SYSTEM32\ntdll.dll
0x00007ff8c79d0000 - 0x00007ff8c7a8f000 	C:\Windows\System32\KERNEL32.DLL
0x00007ff8c5460000 - 0x00007ff8c5756000 	C:\Windows\System32\KERNELBASE.dll
0x00007ff8c5760000 - 0x00007ff8c5860000 	C:\Windows\System32\ucrtbase.dll
0x00007ff8c1db0000 - 0x00007ff8c1dcb000 	C:\Program Files\Java\jdk-20\bin\VCRUNTIME140.dll
0x00007ff8a6530000 - 0x00007ff8a6549000 	C:\Program Files\Java\jdk-20\bin\jli.dll
0x00007ff8c6ed0000 - 0x00007ff8c6f7f000 	C:\Windows\System32\ADVAPI32.dll
0x00007ff8c75f0000 - 0x00007ff8c768e000 	C:\Windows\System32\msvcrt.dll
0x00007ff8c7120000 - 0x00007ff8c71bc000 	C:\Windows\System32\sechost.dll
0x00007ff8c7830000 - 0x00007ff8c7956000 	C:\Windows\System32\RPCRT4.dll
0x00007ff8c7690000 - 0x00007ff8c782d000 	C:\Windows\System32\USER32.dll
0x00007ff8c5430000 - 0x00007ff8c5452000 	C:\Windows\System32\win32u.dll
0x00007ff8c68a0000 - 0x00007ff8c68cc000 	C:\Windows\System32\GDI32.dll
0x00007ff8c51b0000 - 0x00007ff8c52c5000 	C:\Windows\System32\gdi32full.dll
0x00007ff8c5340000 - 0x00007ff8c53dd000 	C:\Windows\System32\msvcp_win.dll
0x00007ff8bc990000 - 0x00007ff8bcc2a000 	C:\Windows\WinSxS\amd64_microsoft.windows.common-controls_6595b64144ccf1df_6.0.19041.1110_none_60b5254171f9507e\COMCTL32.dll
0x00007ff8c01e0000 - 0x00007ff8c01ea000 	C:\Windows\SYSTEM32\VERSION.dll
0x00007ff8c6870000 - 0x00007ff8c68a0000 	C:\Windows\System32\IMM32.DLL
0x00007ff8bc960000 - 0x00007ff8bc96c000 	C:\Program Files\Java\jdk-20\bin\vcruntime140_1.dll
0x00007ff8a9e10000 - 0x00007ff8a9e9e000 	C:\Program Files\Java\jdk-20\bin\msvcp140.dll
0x00007ff8725b0000 - 0x00007ff873247000 	C:\Program Files\Java\jdk-20\bin\server\jvm.dll
0x00007ff8c21e0000 - 0x00007ff8c21e9000 	C:\Windows\SYSTEM32\WSOCK32.dll
0x00007ff8b71d0000 - 0x00007ff8b71f7000 	C:\Windows\SYSTEM32\WINMM.dll
0x00007ff8c6f80000 - 0x00007ff8c6feb000 	C:\Windows\System32\WS2_32.dll
0x00007ff8c3c50000 - 0x00007ff8c3c62000 	C:\Windows\SYSTEM32\kernel.appcore.dll
0x00007ff8ba860000 - 0x00007ff8ba86a000 	C:\Program Files\Java\jdk-20\bin\jimage.dll
0x00007ff8c3710000 - 0x00007ff8c38f4000 	C:\Windows\SYSTEM32\DBGHELP.DLL
0x00007ff8be460000 - 0x00007ff8be494000 	C:\Windows\SYSTEM32\dbgcore.DLL
0x00007ff8c59f0000 - 0x00007ff8c5a72000 	C:\Windows\System32\bcryptPrimitives.dll
0x00007ff8aa4a0000 - 0x00007ff8aa4c6000 	C:\Program Files\Java\jdk-20\bin\java.dll
0x00007ff8a6550000 - 0x00007ff8a6627000 	C:\Program Files\Java\jdk-20\bin\jsvml.dll
0x00007ff8c5b90000 - 0x00007ff8c62d4000 	C:\Windows\System32\SHELL32.dll
0x00007ff8c2e70000 - 0x00007ff8c3603000 	C:\Windows\SYSTEM32\windows.storage.dll
0x00007ff8c71c0000 - 0x00007ff8c7514000 	C:\Windows\System32\combase.dll
0x00007ff8c4b20000 - 0x00007ff8c4b4e000 	C:\Windows\SYSTEM32\Wldp.dll
0x00007ff8c6be0000 - 0x00007ff8c6c8d000 	C:\Windows\System32\SHCORE.dll
0x00007ff8c5b30000 - 0x00007ff8c5b85000 	C:\Windows\System32\shlwapi.dll
0x00007ff8c50e0000 - 0x00007ff8c5105000 	C:\Windows\SYSTEM32\profapi.dll
0x00007ff8ace20000 - 0x00007ff8ace33000 	C:\Program Files\Java\jdk-20\bin\net.dll
0x00007ff8bf3c0000 - 0x00007ff8bf4ca000 	C:\Windows\SYSTEM32\WINHTTP.dll
0x00007ff8c4880000 - 0x00007ff8c48ea000 	C:\Windows\system32\mswsock.dll
0x00007ff8abfb0000 - 0x00007ff8abfc6000 	C:\Program Files\Java\jdk-20\bin\nio.dll
0x00007ff8aa480000 - 0x00007ff8aa498000 	C:\Program Files\Java\jdk-20\bin\zip.dll
0x00007ff88d780000 - 0x00007ff88d911000 	C:\Program Files\Java\jdk-20\bin\awt.dll
0x00007ff8c7520000 - 0x00007ff8c75ed000 	C:\Windows\System32\OLEAUT32.dll
0x00007ff8c25c0000 - 0x00007ff8c2651000 	C:\Windows\SYSTEM32\apphelp.dll
0x00007ff8c2880000 - 0x00007ff8c28af000 	C:\Windows\system32\DWMAPI.DLL
0x00007ff8c26d0000 - 0x00007ff8c276e000 	C:\Windows\system32\uxtheme.dll
0x00007ff8aad40000 - 0x00007ff8aae65000 	C:\Windows\system32\opengl32.dll
0x00007ff8ba290000 - 0x00007ff8ba2bc000 	C:\Windows\SYSTEM32\GLU32.dll
0x00007ff8c6750000 - 0x00007ff8c6864000 	C:\Windows\System32\MSCTF.dll
0x00007ff8c6ff0000 - 0x00007ff8c711a000 	C:\Windows\System32\ole32.dll
0x00007ff897650000 - 0x00007ff8976d6000 	C:\Program Files\Java\jdk-20\bin\freetype.dll
0x00007ff8966d0000 - 0x00007ff896796000 	C:\Program Files\Java\jdk-20\bin\fontmanager.dll
0x00007ff8ba990000 - 0x00007ff8baa8a000 	C:\Windows\SYSTEM32\textinputframework.dll
0x00007ff8c2230000 - 0x00007ff8c258e000 	C:\Windows\System32\CoreUIComponents.dll
0x00007ff8c12f0000 - 0x00007ff8c13e2000 	C:\Windows\System32\CoreMessaging.dll
0x00007ff8c42d0000 - 0x00007ff8c4303000 	C:\Windows\SYSTEM32\ntmarta.dll
0x00007ff8c1bb0000 - 0x00007ff8c1d04000 	C:\Windows\SYSTEM32\wintypes.dll

dbghelp: loaded successfully - version: 4.0.5 - missing functions: none
symbol engine: initialized successfully - sym options: 0x614 - pdb path: .;C:\Program Files\Java\jdk-20\bin;C:\Windows\SYSTEM32;C:\Windows\WinSxS\amd64_microsoft.windows.common-controls_6595b64144ccf1df_6.0.19041.1110_none_60b5254171f9507e;C:\Program Files\Java\jdk-20\bin\server

VM Arguments:
jvm_args: -Dfile.encoding=UTF-8 --module-path=C:\Users\User\Documents\NetBeansProjects\student1\build\classes 
java_command: student1.Home
java_class_path (initial): C:\Program Files\NetBeans-19\netbeans\java\modules\ext\AbsoluteLayout.jar;C:\Users\User\Documents\NetBeansProjects\mysql-connector-java-8.0.28.jar;C:\Users\User\Documents\NetBeansProjects\student1\build\classes
Launcher Type: SUN_STANDARD

[Global flags]
     intx CICompilerCount                          = 3                                         {product} {ergonomic}
     uint ConcGCThreads                            = 1                                         {product} {ergonomic}
     uint G1ConcRefinementThreads                  = 4                                         {product} {ergonomic}
   size_t G1HeapRegionSize                         = 1048576                                   {product} {ergonomic}
    uintx GCDrainStackTargetSize                   = 64                                        {product} {ergonomic}
   size_t InitialHeapSize                          = 67108864                                  {product} {ergonomic}
   size_t MarkStackSize                            = 4194304                                   {product} {ergonomic}
   size_t MaxHeapSize                              = 1052770304                                {product} {ergonomic}
   size_t MaxNewSize                               = 631242752                                 {product} {ergonomic}
   size_t MinHeapDeltaBytes                        = 1048576                                   {product} {ergonomic}
   size_t MinHeapSize                              = 8388608                                   {product} {ergonomic}
    uintx NonNMethodCodeHeapSize                   = 5832780                                {pd product} {ergonomic}
    uintx NonProfiledCodeHeapSize                  = 122912730                              {pd product} {ergonomic}
    uintx ProfiledCodeHeapSize                     = 122912730                              {pd product} {ergonomic}
    uintx ReservedCodeCacheSize                    = 251658240                              {pd product} {ergonomic}
     bool SegmentedCodeCache                       = true                                      {product} {ergonomic}
   size_t SoftMaxHeapSize                          = 1052770304                             {manageable} {ergonomic}
     bool UseCompressedClassPointers               = true                           {product lp64_product} {ergonomic}
     bool UseCompressedOops                        = true                           {product lp64_product} {ergonomic}
     bool UseG1GC                                  = true                                      {product} {ergonomic}
     bool UseLargePagesIndividualAllocation        = false                                  {pd product} {ergonomic}

Logging:
Log output configuration:
 #0: stdout all=warning uptime,level,tags foldmultilines=false
 #1: stderr all=off uptime,level,tags foldmultilines=false

Environment Variables:
PATH=C:\Program Files\Common Files\Oracle\Java\javapath;C:\Windows\system32;C:\Windows;C:\Windows\System32\Wbem;C:\Windows\System32\WindowsPowerShell\v1.0\;C:\Windows\System32\OpenSSH\;C:\Program Files\Java\jdk-20\bin;C:\Program Files\MySQL\MySQL Shell 8.0\bin\;C:\Users\User\AppData\Local\Microsoft\WindowsApps;
USERNAME=User
OS=Windows_NT
PROCESSOR_IDENTIFIER=Intel64 Family 6 Model 142 Stepping 9, GenuineIntel
TMP=C:\Users\User\AppData\Local\Temp
TEMP=C:\Users\User\AppData\Local\Temp




---------------  S Y S T E M  ---------------

OS:
 Windows 10 , 64 bit Build 19041 (10.0.19041.3155)
OS uptime: 33 days 4:27 hours

CPU: total 4 (initial active 4) (2 cores per cpu, 2 threads per core) family 6 model 142 stepping 9 microcode 0xb4, cx8, cmov, fxsr, ht, mmx, 3dnowpref, sse, sse2, sse3, ssse3, sse4.1, sse4.2, popcnt, lzcnt, tsc, tscinvbit, avx, avx2, aes, erms, clmul, bmi1, bmi2, adx, fma, vzeroupper, clflush, clflushopt, rdtscp, f16c

Memory: 4k page, system-wide physical 4011M (287M free)
TotalPageFile size 16299M (AvailPageFile size 3M)
current process WorkingSet (physical memory assigned to process): 67M, peak: 67M
current process commit charge ("private bytes"): 150M, peak: 150M

vm_info: Java HotSpot(TM) 64-Bit Server VM (20.0.1+9-29) for windows-amd64 JRE (20.0.1+9-29), built on 2023-03-07T13:56:11Z by "mach5one" with MS VC++ 17.1 (VS2022)

END.
