#
# There is insufficient memory for the Java Runtime Environment to continue.
# Native memory allocation (malloc) failed to allocate 948496 bytes for Chunk::new
# Possible reasons:
#   The system is out of physical RAM or swap space
#   The process is running with CompressedOops enabled, and the Java Heap may be blocking the growth of the native heap
# Possible solutions:
#   Reduce memory load on the system
#   Increase physical memory or swap space
#   Check if swap backing store is full
#   Decrease Java heap size (-Xmx/-Xms)
#   Decrease number of Java threads
#   Decrease Java thread stack sizes (-Xss)
#   Set larger code cache with -XX:ReservedCodeCacheSize=
#   JVM is running with Unscaled Compressed Oops mode in which the Java heap is
#     placed in the first 4GB address space. The Java Heap base address is the
#     maximum limit for the native heap growth. Please use -XX:HeapBaseMinAddress
#     to set the Java Heap base and to place the Java Heap above 4GB virtual address.
# This output file may be truncated or incomplete.
#
#  Out of Memory Error (arena.cpp:184), pid=16388, tid=16240
#
# JRE version: Java(TM) SE Runtime Environment (20.0.1+9) (build 20.0.1+9-29)
# Java VM: Java HotSpot(TM) 64-Bit Server VM (20.0.1+9-29, mixed mode, sharing, tiered, compressed oops, compressed class ptrs, g1 gc, windows-amd64)
# No core dump will be written. Minidumps are not enabled by default on client versions of Windows
#

---------------  S U M M A R Y ------------

Command Line: -Dfile.encoding=UTF-8 --module-path=C:\Users\User\Documents\NetBeansProjects\student1\build\classes student1.Home

Host: Intel(R) Core(TM) i3-7100U CPU @ 2.40GHz, 4 cores, 3G,  Windows 10 , 64 bit Build 19041 (10.0.19041.3155)
Time: Mon Sep 25 20:20:41 2023 Sri Lanka Standard Time elapsed time: 0.791422 seconds (0d 0h 0m 0s)

---------------  T H R E A D  ---------------

Current thread (0x000001fbacefcbb0):  JavaThread "C2 CompilerThread0" daemon [_thread_in_native, id=16240, stack(0x000000ef04700000,0x000000ef04800000)]


Current CompileTask:
C2:    791  744 % !   4       sun.awt.image.ImageRepresentation::getOpaqueRGBImage @ 54 (164 bytes)

Stack: [0x000000ef04700000,0x000000ef04800000]
Native frames: (J=compiled Java code, j=interpreted, Vv=VM code, C=native code)
V  [jvm.dll+0x6bb95a]
V  [jvm.dll+0x8485fa]
V  [jvm.dll+0x84a1f5]
V  [jvm.dll+0x84a8f3]
V  [jvm.dll+0x280b0f]
V  [jvm.dll+0xc2b11]
V  [jvm.dll+0xc2e35]
V  [jvm.dll+0x3bb142]
V  [jvm.dll+0x3857f5]
V  [jvm.dll+0x384c6a]
V  [jvm.dll+0x24b259]
V  [jvm.dll+0x24a651]
V  [jvm.dll+0x1ce491]
V  [jvm.dll+0x259e1b]
V  [jvm.dll+0x2584f0]
V  [jvm.dll+0x3f2895]
V  [jvm.dll+0x7f4b56]
V  [jvm.dll+0x6ba5cb]
C  [ucrtbase.dll+0x21bb2]
C  [KERNEL32.DLL+0x17614]
C  [ntdll.dll+0x526b1]


---------------  P R O C E S S  ---------------

Threads class SMR info:
_java_thread_list=0x000001fbb20b3be0, length=17, elements={
0x000001fb92415c50, 0x000001fbacee3b60, 0x000001fbacee4b00, 0x000001fbaceec8c0,
0x000001fbaceef520, 0x000001fbacef0a30, 0x000001fbacef8490, 0x000001fbacefcbb0,
0x000001fbacf00af0, 0x000001fbacfb5e20, 0x000001fbb11f2e70, 0x000001fbb13da450,
0x000001fbb13aac00, 0x000001fbb13ad970, 0x000001fbb146d020, 0x000001fbb1de15a0,
0x000001fbb1dee8d0
}

Java Threads: ( => current thread )
  0x000001fb92415c50 JavaThread "main" [_thread_in_vm, id=1796, stack(0x000000ef03a00000,0x000000ef03b00000)]
  0x000001fbacee3b60 JavaThread "Reference Handler" daemon [_thread_blocked, id=13096, stack(0x000000ef04100000,0x000000ef04200000)]
  0x000001fbacee4b00 JavaThread "Finalizer" daemon [_thread_blocked, id=9020, stack(0x000000ef04200000,0x000000ef04300000)]
  0x000001fbaceec8c0 JavaThread "Signal Dispatcher" daemon [_thread_blocked, id=11144, stack(0x000000ef04300000,0x000000ef04400000)]
  0x000001fbaceef520 JavaThread "Attach Listener" daemon [_thread_blocked, id=8292, stack(0x000000ef04400000,0x000000ef04500000)]
  0x000001fbacef0a30 JavaThread "Service Thread" daemon [_thread_blocked, id=3352, stack(0x000000ef04500000,0x000000ef04600000)]
  0x000001fbacef8490 JavaThread "Monitor Deflation Thread" daemon [_thread_blocked, id=7156, stack(0x000000ef04600000,0x000000ef04700000)]
=>0x000001fbacefcbb0 JavaThread "C2 CompilerThread0" daemon [_thread_in_native, id=16240, stack(0x000000ef04700000,0x000000ef04800000)]
  0x000001fbacf00af0 JavaThread "C1 CompilerThread0" daemon [_thread_blocked, id=6744, stack(0x000000ef04800000,0x000000ef04900000)]
  0x000001fbacfb5e20 JavaThread "Common-Cleaner" daemon [_thread_blocked, id=13424, stack(0x000000ef04900000,0x000000ef04a00000)]
  0x000001fbb11f2e70 JavaThread "Notification Thread" daemon [_thread_blocked, id=13248, stack(0x000000ef04a00000,0x000000ef04b00000)]
  0x000001fbb13da450 JavaThread "Java2D Disposer" daemon [_thread_blocked, id=8488, stack(0x000000ef04c00000,0x000000ef04d00000)]
  0x000001fbb13aac00 JavaThread "AWT-Shutdown" [_thread_blocked, id=11256, stack(0x000000ef04d00000,0x000000ef04e00000)]
  0x000001fbb13ad970 JavaThread "AWT-Windows" daemon [_thread_in_native, id=3212, stack(0x000000ef04e00000,0x000000ef04f00000)]
  0x000001fbb146d020 JavaThread "Image Fetcher 0" daemon [_thread_blocked, id=12220, stack(0x000000ef04f00000,0x000000ef05000000)]
  0x000001fbb1de15a0 JavaThread "Image Fetcher 1" daemon [_thread_blocked, id=7312, stack(0x000000ef05000000,0x000000ef05100000)]
  0x000001fbb1dee8d0 JavaThread "AWT-EventQueue-0" [_thread_in_vm, id=9204, stack(0x000000ef05100000,0x000000ef05200000)]

Other Threads:
  0x000001fb924dc750 VMThread "VM Thread" [stack: 0x000000ef04000000,0x000000ef04100000] [id=14580]
  0x000001fbb11f37d0 WatcherThread "VM Periodic Task Thread" [stack: 0x000000ef04b00000,0x000000ef04c00000] [id=7172]
  0x000001fb9245a270 WorkerThread "GC Thread#0" [stack: 0x000000ef03b00000,0x000000ef03c00000] [id=11140]
  0x000001fb92462fb0 ConcurrentGCThread "G1 Main Marker" [stack: 0x000000ef03c00000,0x000000ef03d00000] [id=2736]
  0x000001fb92464090 WorkerThread "G1 Conc#0" [stack: 0x000000ef03d00000,0x000000ef03e00000] [id=3296]
  0x000001fb924b7080 ConcurrentGCThread "G1 Refine#0" [stack: 0x000000ef03e00000,0x000000ef03f00000] [id=1452]
  0x000001fb924b8a40 ConcurrentGCThread "G1 Service" [stack: 0x000000ef03f00000,0x000000ef04000000] [id=15980]

Threads with active compile tasks:
C2 CompilerThread0      889  744 % !   4       sun.awt.image.ImageRepresentation::getOpaqueRGBImage @ 54 (164 bytes)

VM state: not at safepoint (normal execution)

VM Mutex/Monitor currently owned by a thread:  ([mutex/lock_event])
[0x000001fb9022ebe0] Metaspace_lock - owner thread: 0x000001fb92415c50

Heap address: 0x00000000c1400000, size: 1004 MB, Compressed Oops mode: 32-bit

CDS archive(s) mapped at: [0x0000000800000000-0x0000000800c60000-0x0000000800c60000), size 12976128, SharedBaseAddress: 0x0000000800000000, ArchiveRelocationMode: 0.
Compressed class space mapped at: 0x0000000801000000-0x0000000841000000, reserved size: 1073741824
Narrow klass base: 0x0000000800000000, Narrow klass shift: 0, Narrow klass range: 0x100000000

GC Precious Log:
 CardTable entry size: 512
 Card Set container configuration: InlinePtr #cards 5 size 8 Array Of Cards #cards 12 size 40 Howl #buckets 4 coarsen threshold 1843 Howl Bitmap #cards 512 size 80 coarsen threshold 460 Card regions per heap region 1 cards per card region 2048
 CPUs: 4 total, 4 available
 Memory: 4011M
 Large Page Support: Disabled
 NUMA Support: Disabled
 Compressed Oops: Enabled (32-bit)
 Heap Region Size: 1M
 Heap Min Capacity: 8M
 Heap Initial Capacity: 64M
 Heap Max Capacity: 1004M
 Pre-touch: Disabled
 Parallel Workers: 4
 Concurrent Workers: 1
 Concurrent Refinement Workers: 4
 Periodic GC: Disabled

Heap:
 garbage-first heap   total 65536K, used 16384K [0x00000000c1400000, 0x0000000100000000)
  region size 1024K, 13 young (13312K), 0 survivors (0K)
 Metaspace       used 5314K, committed 5504K, reserved 1114112K
  class space    used 561K, committed 704K, reserved 1048576K

Heap Regions: E=young(eden), S=young(survivor), O=old, HS=humongous(starts), HC=humongous(continues), CS=collection set, F=free, OA=open archive, CA=closed archive, TAMS=top-at-mark-start, PB=parsable bottom
|   0|0x00000000c1400000, 0x00000000c1500000, 0x00000000c1500000|100%|HS|  |TAMS 0x00000000c1400000| PB 0x00000000c1400000| Complete 
|   1|0x00000000c1500000, 0x00000000c1600000, 0x00000000c1600000|100%|HC|  |TAMS 0x00000000c1500000| PB 0x00000000c1500000| Complete 
|   2|0x00000000c1600000, 0x00000000c1700000, 0x00000000c1700000|100%|HC|  |TAMS 0x00000000c1600000| PB 0x00000000c1600000| Complete 
|   3|0x00000000c1700000, 0x00000000c1800000, 0x00000000c1800000|100%|HS|  |TAMS 0x00000000c1700000| PB 0x00000000c1700000| Complete 
|   4|0x00000000c1800000, 0x00000000c1800000, 0x00000000c1900000|  0%| F|  |TAMS 0x00000000c1800000| PB 0x00000000c1800000| Untracked 
|   5|0x00000000c1900000, 0x00000000c1900000, 0x00000000c1a00000|  0%| F|  |TAMS 0x00000000c1900000| PB 0x00000000c1900000| Untracked 
|   6|0x00000000c1a00000, 0x00000000c1a00000, 0x00000000c1b00000|  0%| F|  |TAMS 0x00000000c1a00000| PB 0x00000000c1a00000| Untracked 
|   7|0x00000000c1b00000, 0x00000000c1b00000, 0x00000000c1c00000|  0%| F|  |TAMS 0x00000000c1b00000| PB 0x00000000c1b00000| Untracked 
|   8|0x00000000c1c00000, 0x00000000c1c00000, 0x00000000c1d00000|  0%| F|  |TAMS 0x00000000c1c00000| PB 0x00000000c1c00000| Untracked 
|   9|0x00000000c1d00000, 0x00000000c1d00000, 0x00000000c1e00000|  0%| F|  |TAMS 0x00000000c1d00000| PB 0x00000000c1d00000| Untracked 
|  10|0x00000000c1e00000, 0x00000000c1e00000, 0x00000000c1f00000|  0%| F|  |TAMS 0x00000000c1e00000| PB 0x00000000c1e00000| Untracked 
|  11|0x00000000c1f00000, 0x00000000c1f00000, 0x00000000c2000000|  0%| F|  |TAMS 0x00000000c1f00000| PB 0x00000000c1f00000| Untracked 
|  12|0x00000000c2000000, 0x00000000c2000000, 0x00000000c2100000|  0%| F|  |TAMS 0x00000000c2000000| PB 0x00000000c2000000| Untracked 
|  13|0x00000000c2100000, 0x00000000c2100000, 0x00000000c2200000|  0%| F|  |TAMS 0x00000000c2100000| PB 0x00000000c2100000| Untracked 
|  14|0x00000000c2200000, 0x00000000c2200000, 0x00000000c2300000|  0%| F|  |TAMS 0x00000000c2200000| PB 0x00000000c2200000| Untracked 
|  15|0x00000000c2300000, 0x00000000c2300000, 0x00000000c2400000|  0%| F|  |TAMS 0x00000000c2300000| PB 0x00000000c2300000| Untracked 
|  16|0x00000000c2400000, 0x00000000c2400000, 0x00000000c2500000|  0%| F|  |TAMS 0x00000000c2400000| PB 0x00000000c2400000| Untracked 
|  17|0x00000000c2500000, 0x00000000c2500000, 0x00000000c2600000|  0%| F|  |TAMS 0x00000000c2500000| PB 0x00000000c2500000| Untracked 
|  18|0x00000000c2600000, 0x00000000c2600000, 0x00000000c2700000|  0%| F|  |TAMS 0x00000000c2600000| PB 0x00000000c2600000| Untracked 
|  19|0x00000000c2700000, 0x00000000c2700000, 0x00000000c2800000|  0%| F|  |TAMS 0x00000000c2700000| PB 0x00000000c2700000| Untracked 
|  20|0x00000000c2800000, 0x00000000c2800000, 0x00000000c2900000|  0%| F|  |TAMS 0x00000000c2800000| PB 0x00000000c2800000| Untracked 
|  21|0x00000000c2900000, 0x00000000c2900000, 0x00000000c2a00000|  0%| F|  |TAMS 0x00000000c2900000| PB 0x00000000c2900000| Untracked 
|  22|0x00000000c2a00000, 0x00000000c2a00000, 0x00000000c2b00000|  0%| F|  |TAMS 0x00000000c2a00000| PB 0x00000000c2a00000| Untracked 
|  23|0x00000000c2b00000, 0x00000000c2b00000, 0x00000000c2c00000|  0%| F|  |TAMS 0x00000000c2b00000| PB 0x00000000c2b00000| Untracked 
|  24|0x00000000c2c00000, 0x00000000c2c00000, 0x00000000c2d00000|  0%| F|  |TAMS 0x00000000c2c00000| PB 0x00000000c2c00000| Untracked 
|  25|0x00000000c2d00000, 0x00000000c2d00000, 0x00000000c2e00000|  0%| F|  |TAMS 0x00000000c2d00000| PB 0x00000000c2d00000| Untracked 
|  26|0x00000000c2e00000, 0x00000000c2e00000, 0x00000000c2f00000|  0%| F|  |TAMS 0x00000000c2e00000| PB 0x00000000c2e00000| Untracked 
|  27|0x00000000c2f00000, 0x00000000c2f00000, 0x00000000c3000000|  0%| F|  |TAMS 0x00000000c2f00000| PB 0x00000000c2f00000| Untracked 
|  28|0x00000000c3000000, 0x00000000c3000000, 0x00000000c3100000|  0%| F|  |TAMS 0x00000000c3000000| PB 0x00000000c3000000| Untracked 
|  29|0x00000000c3100000, 0x00000000c3100000, 0x00000000c3200000|  0%| F|  |TAMS 0x00000000c3100000| PB 0x00000000c3100000| Untracked 
|  30|0x00000000c3200000, 0x00000000c3200000, 0x00000000c3300000|  0%| F|  |TAMS 0x00000000c3200000| PB 0x00000000c3200000| Untracked 
|  31|0x00000000c3300000, 0x00000000c3300000, 0x00000000c3400000|  0%| F|  |TAMS 0x00000000c3300000| PB 0x00000000c3300000| Untracked 
|  32|0x00000000c3400000, 0x00000000c3400000, 0x00000000c3500000|  0%| F|  |TAMS 0x00000000c3400000| PB 0x00000000c3400000| Untracked 
|  33|0x00000000c3500000, 0x00000000c3500000, 0x00000000c3600000|  0%| F|  |TAMS 0x00000000c3500000| PB 0x00000000c3500000| Untracked 
|  34|0x00000000c3600000, 0x00000000c3600000, 0x00000000c3700000|  0%| F|  |TAMS 0x00000000c3600000| PB 0x00000000c3600000| Untracked 
|  35|0x00000000c3700000, 0x00000000c3700000, 0x00000000c3800000|  0%| F|  |TAMS 0x00000000c3700000| PB 0x00000000c3700000| Untracked 
|  36|0x00000000c3800000, 0x00000000c3800000, 0x00000000c3900000|  0%| F|  |TAMS 0x00000000c3800000| PB 0x00000000c3800000| Untracked 
|  37|0x00000000c3900000, 0x00000000c3900000, 0x00000000c3a00000|  0%| F|  |TAMS 0x00000000c3900000| PB 0x00000000c3900000| Untracked 
|  38|0x00000000c3a00000, 0x00000000c3a00000, 0x00000000c3b00000|  0%| F|  |TAMS 0x00000000c3a00000| PB 0x00000000c3a00000| Untracked 
|  39|0x00000000c3b00000, 0x00000000c3b00000, 0x00000000c3c00000|  0%| F|  |TAMS 0x00000000c3b00000| PB 0x00000000c3b00000| Untracked 
|  40|0x00000000c3c00000, 0x00000000c3c00000, 0x00000000c3d00000|  0%| F|  |TAMS 0x00000000c3c00000| PB 0x00000000c3c00000| Untracked 
|  41|0x00000000c3d00000, 0x00000000c3d00000, 0x00000000c3e00000|  0%| F|  |TAMS 0x00000000c3d00000| PB 0x00000000c3d00000| Untracked 
|  42|0x00000000c3e00000, 0x00000000c3e00000, 0x00000000c3f00000|  0%| F|  |TAMS 0x00000000c3e00000| PB 0x00000000c3e00000| Untracked 
|  43|0x00000000c3f00000, 0x00000000c3f00000, 0x00000000c4000000|  0%| F|  |TAMS 0x00000000c3f00000| PB 0x00000000c3f00000| Untracked 
|  44|0x00000000c4000000, 0x00000000c4000000, 0x00000000c4100000|  0%| F|  |TAMS 0x00000000c4000000| PB 0x00000000c4000000| Untracked 
|  45|0x00000000c4100000, 0x00000000c4100000, 0x00000000c4200000|  0%| F|  |TAMS 0x00000000c4100000| PB 0x00000000c4100000| Untracked 
|  46|0x00000000c4200000, 0x00000000c4200000, 0x00000000c4300000|  0%| F|  |TAMS 0x00000000c4200000| PB 0x00000000c4200000| Untracked 
|  47|0x00000000c4300000, 0x00000000c4300000, 0x00000000c4400000|  0%| F|  |TAMS 0x00000000c4300000| PB 0x00000000c4300000| Untracked 
|  48|0x00000000c4400000, 0x00000000c4400000, 0x00000000c4500000|  0%| F|  |TAMS 0x00000000c4400000| PB 0x00000000c4400000| Untracked 
|  49|0x00000000c4500000, 0x00000000c4500000, 0x00000000c4600000|  0%| F|  |TAMS 0x00000000c4500000| PB 0x00000000c4500000| Untracked 
|  50|0x00000000c4600000, 0x00000000c4600000, 0x00000000c4700000|  0%| F|  |TAMS 0x00000000c4600000| PB 0x00000000c4600000| Untracked 
|  51|0x00000000c4700000, 0x00000000c4785a88, 0x00000000c4800000| 52%| E|  |TAMS 0x00000000c4700000| PB 0x00000000c4700000| Complete 
|  52|0x00000000c4800000, 0x00000000c4900000, 0x00000000c4900000|100%| E|CS|TAMS 0x00000000c4800000| PB 0x00000000c4800000| Complete 
|  53|0x00000000c4900000, 0x00000000c4a00000, 0x00000000c4a00000|100%| E|CS|TAMS 0x00000000c4900000| PB 0x00000000c4900000| Complete 
|  54|0x00000000c4a00000, 0x00000000c4b00000, 0x00000000c4b00000|100%| E|CS|TAMS 0x00000000c4a00000| PB 0x00000000c4a00000| Complete 
|  55|0x00000000c4b00000, 0x00000000c4c00000, 0x00000000c4c00000|100%| E|CS|TAMS 0x00000000c4b00000| PB 0x00000000c4b00000| Complete 
|  56|0x00000000c4c00000, 0x00000000c4d00000, 0x00000000c4d00000|100%| E|CS|TAMS 0x00000000c4c00000| PB 0x00000000c4c00000| Complete 
|  57|0x00000000c4d00000, 0x00000000c4e00000, 0x00000000c4e00000|100%| E|CS|TAMS 0x00000000c4d00000| PB 0x00000000c4d00000| Complete 
|  58|0x00000000c4e00000, 0x00000000c4f00000, 0x00000000c4f00000|100%| E|CS|TAMS 0x00000000c4e00000| PB 0x00000000c4e00000| Complete 
|  59|0x00000000c4f00000, 0x00000000c5000000, 0x00000000c5000000|100%| E|CS|TAMS 0x00000000c4f00000| PB 0x00000000c4f00000| Complete 
|  60|0x00000000c5000000, 0x00000000c5100000, 0x00000000c5100000|100%| E|CS|TAMS 0x00000000c5000000| PB 0x00000000c5000000| Complete 
|  61|0x00000000c5100000, 0x00000000c5200000, 0x00000000c5200000|100%| E|CS|TAMS 0x00000000c5100000| PB 0x00000000c5100000| Complete 
|  62|0x00000000c5200000, 0x00000000c5300000, 0x00000000c5300000|100%| E|CS|TAMS 0x00000000c5200000| PB 0x00000000c5200000| Complete 
|  63|0x00000000c5300000, 0x00000000c5400000, 0x00000000c5400000|100%| E|CS|TAMS 0x00000000c5300000| PB 0x00000000c5300000| Complete 

Card table byte_map: [0x000001fba96e0000,0x000001fba98e0000] _byte_map_base: 0x000001fba90d6000

Marking Bits: (CMBitMap*) 0x000001fb9245a7b0
 Bits: [0x000001fba9ae0000, 0x000001fbaaa90000)

Polling page: 0x000001fb905c0000

Metaspace:

Usage:
  Non-class:      4.64 MB used.
      Class:    561.89 KB used.
       Both:      5.19 MB used.

Virtual space:
  Non-class space:       64.00 MB reserved,       4.69 MB (  7%) committed,  1 nodes.
      Class space:        1.00 GB reserved,     704.00 KB ( <1%) committed,  1 nodes.
             Both:        1.06 GB reserved,       5.38 MB ( <1%) committed. 

Chunk freelists:
   Non-Class:  2.88 MB
       Class:  3.24 MB
        Both:  6.12 MB

MaxMetaspaceSize: unlimited
CompressedClassSpaceSize: 1.00 GB
Initial GC threshold: 21.00 MB
Current GC threshold: 21.00 MB
CDS: on
MetaspaceReclaimPolicy: balanced
 - commit_granule_bytes: 65536.
 - commit_granule_words: 8192.
 - virtual_space_node_default_size: 8388608.
 - enlarge_chunks_in_place: 1.
 - new_chunks_are_fully_committed: 0.
 - uncommit_free_chunks: 1.
 - use_allocation_guard: 0.


Internal statistics:

num_allocs_failed_limit: 0.
num_arena_births: 126.
num_arena_deaths: 0.
num_vsnodes_births: 2.
num_vsnodes_deaths: 0.
num_space_committed: 86.
num_space_uncommitted: 0.
num_chunks_returned_to_freelist: 0.
num_chunks_taken_from_freelist: 147.
num_chunk_merges: 0.
num_chunk_splits: 90.
num_chunks_enlarged: 40.
num_inconsistent_stats: 0.

CodeHeap 'non-profiled nmethods': size=120000Kb used=235Kb max_used=235Kb free=119764Kb
 bounds [0x000001fba1fb0000, 0x000001fba2220000, 0x000001fba94e0000]
CodeHeap 'profiled nmethods': size=120000Kb used=1314Kb max_used=1314Kb free=118685Kb
 bounds [0x000001fb9a4e0000, 0x000001fb9a750000, 0x000001fba1a10000]
CodeHeap 'non-nmethods': size=5760Kb used=1514Kb max_used=1538Kb free=4245Kb
 bounds [0x000001fba1a10000, 0x000001fba1c80000, 0x000001fba1fb0000]
 total_blobs=1338 nmethods=799 adapters=450
 compilation: enabled
              stopped_count=0, restarted_count=0
 full_count=0

Compilation events (20 events):
Event: 0.661 Thread 0x000001fbacf00af0  787       3       java.util.stream.Nodes$FixedNodeBuilder::accept (61 bytes)
Event: 0.661 Thread 0x000001fbacf00af0 nmethod 787 0x000001fb9a620a90 code [0x000001fb9a620cc0, 0x000001fb9a621698]
Event: 0.661 Thread 0x000001fbacf00af0  788       3       sun.util.locale.LanguageTag::isRegion (36 bytes)
Event: 0.663 Thread 0x000001fbacf00af0 nmethod 788 0x000001fb9a621a10 code [0x000001fb9a621d00, 0x000001fb9a6230a8]
Event: 0.663 Thread 0x000001fbacf00af0  789       3       sun.util.locale.BaseLocale$Key::equals (109 bytes)
Event: 0.664 Thread 0x000001fbacf00af0 nmethod 789 0x000001fb9a623790 code [0x000001fb9a6239e0, 0x000001fb9a6246d8]
Event: 0.665 Thread 0x000001fbacf00af0  792       3       java.util.Locale::equals (75 bytes)
Event: 0.666 Thread 0x000001fbacf00af0 nmethod 792 0x000001fb9a624990 code [0x000001fb9a624b80, 0x000001fb9a6252f0]
Event: 0.666 Thread 0x000001fbacf00af0  793       3       java.util.Locale::hasExtensions (13 bytes)
Event: 0.666 Thread 0x000001fbacf00af0 nmethod 793 0x000001fb9a625490 code [0x000001fb9a625620, 0x000001fb9a625790]
Event: 0.666 Thread 0x000001fbacf00af0  794       3       sun.util.locale.BaseLocale::equals (71 bytes)
Event: 0.666 Thread 0x000001fbacf00af0 nmethod 794 0x000001fb9a625810 code [0x000001fb9a6259c0, 0x000001fb9a625eb0]
Event: 0.666 Thread 0x000001fbacf00af0  795       3       java.util.Locale::stripExtensions (20 bytes)
Event: 0.666 Thread 0x000001fbacf00af0 nmethod 795 0x000001fb9a625f90 code [0x000001fb9a626140, 0x000001fb9a6263c0]
Event: 0.679 Thread 0x000001fbacf00af0  797   !   3       java.util.zip.Inflater::setInput (56 bytes)
Event: 0.680 Thread 0x000001fbacf00af0 nmethod 797 0x000001fb9a626490 code [0x000001fb9a626640, 0x000001fb9a626a30]
Event: 0.680 Thread 0x000001fbacf00af0  798       3       java.util.zip.InflaterInputStream::fill (60 bytes)
Event: 0.681 Thread 0x000001fbacf00af0 nmethod 798 0x000001fb9a626c10 code [0x000001fb9a626e00, 0x000001fb9a627270]
Event: 0.681 Thread 0x000001fbacf00af0  799       3       sun.awt.image.PNGFilterInputStream::read (89 bytes)
Event: 0.681 Thread 0x000001fbacf00af0 nmethod 799 0x000001fb9a627410 code [0x000001fb9a6275c0, 0x000001fb9a627918]

GC Heap History (0 events):
No events

Dll operation events (7 events):
Event: 0.009 Loaded shared library C:\Program Files\Java\jdk-20\bin\java.dll
Event: 0.020 Loaded shared library C:\Program Files\Java\jdk-20\bin\jsvml.dll
Event: 0.082 Loaded shared library C:\Program Files\Java\jdk-20\bin\net.dll
Event: 0.084 Loaded shared library C:\Program Files\Java\jdk-20\bin\nio.dll
Event: 0.109 Loaded shared library C:\Program Files\Java\jdk-20\bin\zip.dll
Event: 0.127 Loaded shared library C:\Program Files\Java\jdk-20\bin\jimage.dll
Event: 0.149 Loaded shared library C:\Program Files\Java\jdk-20\bin\awt.dll

Deoptimization events (12 events):
Event: 0.262 Thread 0x000001fb92415c50 Uncommon trap: trap_request=0xffffff45 fr.pc=0x000001fba1fbf910 relative=0x0000000000000990
Event: 0.262 Thread 0x000001fb92415c50 Uncommon trap: reason=unstable_if action=reinterpret pc=0x000001fba1fbf910 method=java.util.HashMap.putVal(ILjava/lang/Object;Ljava/lang/Object;ZZ)Ljava/lang/Object; @ 236 c2
Event: 0.262 Thread 0x000001fb92415c50 DEOPT PACKING pc=0x000001fba1fbf910 sp=0x000000ef03afdcd0
Event: 0.262 Thread 0x000001fb92415c50 DEOPT UNPACKING pc=0x000001fba1a79d22 sp=0x000000ef03afdc78 mode 2
Event: 0.471 Thread 0x000001fbb146d020 Uncommon trap: trap_request=0xffffff45 fr.pc=0x000001fba1fdd794 relative=0x00000000000006b4
Event: 0.471 Thread 0x000001fbb146d020 Uncommon trap: reason=unstable_if action=reinterpret pc=0x000001fba1fdd794 method=java.util.regex.Matcher.search(I)Z @ 30 c2
Event: 0.471 Thread 0x000001fbb146d020 DEOPT PACKING pc=0x000001fba1fdd794 sp=0x000000ef04ffe7d0
Event: 0.471 Thread 0x000001fbb146d020 DEOPT UNPACKING pc=0x000001fba1a79d22 sp=0x000000ef04ffe7b0 mode 2
Event: 0.632 Thread 0x000001fbb146d020 Uncommon trap: trap_request=0xffffff45 fr.pc=0x000001fba1fe6c30 relative=0x0000000000001cb0
Event: 0.632 Thread 0x000001fbb146d020 Uncommon trap: reason=unstable_if action=reinterpret pc=0x000001fba1fe6c30 method=sun.awt.image.PNGImageDecoder.produceImage()V @ 970 c2
Event: 0.632 Thread 0x000001fbb146d020 DEOPT PACKING pc=0x000001fba1fe6c30 sp=0x000000ef04fff110
Event: 0.632 Thread 0x000001fbb146d020 DEOPT UNPACKING pc=0x000001fba1a79d22 sp=0x000000ef04fff088 mode 2

Classes loaded (20 events):
Event: 0.652 Loading class java/awt/event/AdjustmentListener done
Event: 0.652 Loading class java/awt/event/TextListener
Event: 0.652 Loading class java/awt/event/TextListener done
Event: 0.652 Loading class java/awt/event/InputMethodListener
Event: 0.652 Loading class java/awt/event/InputMethodListener done
Event: 0.652 Loading class java/awt/event/HierarchyListener
Event: 0.652 Loading class java/awt/event/HierarchyListener done
Event: 0.652 Loading class java/awt/event/HierarchyBoundsListener
Event: 0.652 Loading class java/awt/event/HierarchyBoundsListener done
Event: 0.652 Loading class java/awt/event/MouseWheelListener
Event: 0.652 Loading class java/awt/event/MouseWheelListener done
Event: 0.652 Loading class java/awt/AWTEventMulticaster done
Event: 0.653 Loading class javax/swing/JToggleButton
Event: 0.653 Loading class javax/swing/JToggleButton done
Event: 0.653 Loading class javax/swing/event/AncestorListener
Event: 0.653 Loading class javax/swing/event/AncestorListener done
Event: 0.653 Loading class java/beans/VetoableChangeListener
Event: 0.653 Loading class java/beans/VetoableChangeListener done
Event: 0.656 Loading class sun/awt/image/PNGImageDecoder$Chromaticities
Event: 0.656 Loading class sun/awt/image/PNGImageDecoder$Chromaticities done

Classes unloaded (0 events):
No events

Classes redefined (0 events):
No events

Internal exceptions (15 events):
Event: 0.085 Thread 0x000001fb92415c50 Exception <a 'sun/nio/fs/WindowsException'{0x00000000c523f148}> (0x00000000c523f148) 
thrown [s\open\src\hotspot\share\prims\jni.cpp, line 519]
Event: 0.088 Thread 0x000001fb92415c50 Exception <a 'sun/nio/fs/WindowsException'{0x00000000c5241498}> (0x00000000c5241498) 
thrown [s\open\src\hotspot\share\prims\jni.cpp, line 519]
Event: 0.088 Thread 0x000001fb92415c50 Exception <a 'sun/nio/fs/WindowsException'{0x00000000c5241ee8}> (0x00000000c5241ee8) 
thrown [s\open\src\hotspot\share\prims\jni.cpp, line 519]
Event: 0.088 Thread 0x000001fb92415c50 Exception <a 'sun/nio/fs/WindowsException'{0x00000000c5242958}> (0x00000000c5242958) 
thrown [s\open\src\hotspot\share\prims\jni.cpp, line 519]
Event: 0.135 Thread 0x000001fb92415c50 Exception <a 'java/lang/ClassNotFoundException'{0x00000000c5146110}: sun/awt/resources/spi/awtProvider> (0x00000000c5146110) 
thrown [s\open\src\hotspot\share\classfile\systemDictionary.cpp, line 305]
Event: 0.162 Thread 0x000001fb92415c50 Exception <a 'java/io/FileNotFoundException'{0x00000000c519caa0}> (0x00000000c519caa0) 
thrown [s\open\src\hotspot\share\prims\jni.cpp, line 519]
Event: 0.173 Thread 0x000001fb92415c50 Exception <a 'java/io/FileNotFoundException'{0x00000000c51c6a98}> (0x00000000c51c6a98) 
thrown [s\open\src\hotspot\share\prims\jni.cpp, line 519]
Event: 0.266 Thread 0x000001fb92415c50 Exception <a 'java/lang/NoSuchMethodError'{0x00000000c50e1410}: 'void java.lang.invoke.DirectMethodHandle$Holder.invokeSpecial(java.lang.Object, java.lang.Object, java.lang.Object)'> (0x00000000c50e1410) 
thrown [s\open\src\hotspot\share\interpreter\linkResolver.cpp, line 773]
Event: 0.282 Thread 0x000001fb92415c50 Exception <a 'java/lang/NoSuchMethodError'{0x00000000c4f0c180}: 'java.lang.Object java.lang.invoke.DirectMethodHandle$Holder.newInvokeSpecial(java.lang.Object, java.lang.Object, java.lang.Object, java.lang.Object, java.lang.Object)'> (0x00000000c4f0c180) 
thrown [s\open\src\hotspot\share\interpreter\linkResolver.cpp, line 773]
Event: 0.294 Thread 0x000001fb92415c50 Exception <a 'java/lang/NoSuchMethodError'{0x00000000c4f3ca28}: 'java.lang.Object java.lang.invoke.DirectMethodHandle$Holder.invokeStatic(java.lang.Object, int, java.lang.Object)'> (0x00000000c4f3ca28) 
thrown [s\open\src\hotspot\share\interpreter\linkResolver.cpp, line 773]
Event: 0.338 Thread 0x000001fb92415c50 Exception <a 'java/lang/ClassNotFoundException'{0x00000000c4ff81c0}: com/sun/swing/internal/plaf/metal/resources/spi/metalProvider> (0x00000000c4ff81c0) 
thrown [s\open\src\hotspot\share\classfile\systemDictionary.cpp, line 305]
Event: 0.340 Thread 0x000001fb92415c50 Exception <a 'java/lang/ClassNotFoundException'{0x00000000c4ffc170}: com/sun/swing/internal/plaf/basic/resources/spi/basicProvider> (0x00000000c4ffc170) 
thrown [s\open\src\hotspot\share\classfile\systemDictionary.cpp, line 305]
Event: 0.355 Thread 0x000001fb92415c50 Exception <a 'java/lang/NoSuchMethodError'{0x00000000c4e1bd38}: 'int java.lang.invoke.Invokers$Holder.invokeExact_MT(java.lang.Object, java.lang.Object)'> (0x00000000c4e1bd38) 
thrown [s\open\src\hotspot\share\interpreter\linkResolver.cpp, line 773]
Event: 0.494 Thread 0x000001fbb146d020 Exception <a 'java/lang/NoSuchMethodError'{0x00000000c4dec948}: 'java.lang.Object java.lang.invoke.DirectMethodHandle$Holder.newInvokeSpecial(java.lang.Object, java.lang.Object, java.lang.Object, int, int, int, int, int)'> (0x00000000c4dec948) 
thrown [s\open\src\hotspot\share\interpreter\linkResolver.cpp, line 773]
Event: 0.632 Thread 0x000001fbb146d020 Implicit null exception at 0x000001fba1fe54d6 to 0x000001fba1fe6bbc

VM Operations (10 events):
Event: 0.089 Executing VM operation: HandshakeAllThreads
Event: 0.089 Executing VM operation: HandshakeAllThreads done
Event: 0.183 Executing VM operation: HandshakeAllThreads
Event: 0.183 Executing VM operation: HandshakeAllThreads done
Event: 0.468 Executing VM operation: HandshakeAllThreads
Event: 0.468 Executing VM operation: HandshakeAllThreads done
Event: 0.563 Executing VM operation: HandshakeAllThreads
Event: 0.563 Executing VM operation: HandshakeAllThreads done
Event: 0.649 Executing VM operation: HandshakeAllThreads
Event: 0.649 Executing VM operation: HandshakeAllThreads done

Events (16 events):
Event: 0.021 Thread 0x000001fb92415c50 Thread added: 0x000001fb92415c50
Event: 0.036 Thread 0x000001fbacee3b60 Thread added: 0x000001fbacee3b60
Event: 0.036 Thread 0x000001fbacee4b00 Thread added: 0x000001fbacee4b00
Event: 0.037 Thread 0x000001fbaceec8c0 Thread added: 0x000001fbaceec8c0
Event: 0.037 Thread 0x000001fbaceef520 Thread added: 0x000001fbaceef520
Event: 0.037 Thread 0x000001fbacef0a30 Thread added: 0x000001fbacef0a30
Event: 0.037 Thread 0x000001fbacef8490 Thread added: 0x000001fbacef8490
Event: 0.037 Thread 0x000001fbacefcbb0 Thread added: 0x000001fbacefcbb0
Event: 0.038 Thread 0x000001fbacf00af0 Thread added: 0x000001fbacf00af0
Event: 0.067 Thread 0x000001fbacfb5e20 Thread added: 0x000001fbacfb5e20
Event: 0.103 Thread 0x000001fbb11f2e70 Thread added: 0x000001fbb11f2e70
Event: 0.221 Thread 0x000001fbb13da450 Thread added: 0x000001fbb13da450
Event: 0.223 Thread 0x000001fbb13aac00 Thread added: 0x000001fbb13aac00
Event: 0.225 Thread 0x000001fbb13ad970 Thread added: 0x000001fbb13ad970
Event: 0.371 Thread 0x000001fbb146d020 Thread added: 0x000001fbb146d020
Event: 0.638 Thread 0x000001fbb1de15a0 Thread added: 0x000001fbb1de15a0


Dynamic libraries:
0x00007ff788c40000 - 0x00007ff788c50000 	C:\Program Files\Java\jdk-20\bin\java.exe
0x00007ff8c7ad0000 - 0x00007ff8c7cc8000 	C:\Windows\SYSTEM32\ntdll.dll
0x00007ff8c79d0000 - 0x00007ff8c7a8f000 	C:\Windows\System32\KERNEL32.DLL
0x00007ff8c5460000 - 0x00007ff8c5756000 	C:\Windows\System32\KERNELBASE.dll
0x00007ff8c5760000 - 0x00007ff8c5860000 	C:\Windows\System32\ucrtbase.dll
0x00007ff8a6530000 - 0x00007ff8a6549000 	C:\Program Files\Java\jdk-20\bin\jli.dll
0x00007ff8c1db0000 - 0x00007ff8c1dcb000 	C:\Program Files\Java\jdk-20\bin\VCRUNTIME140.dll
0x00007ff8c6ed0000 - 0x00007ff8c6f7f000 	C:\Windows\System32\ADVAPI32.dll
0x00007ff8c75f0000 - 0x00007ff8c768e000 	C:\Windows\System32\msvcrt.dll
0x00007ff8c7120000 - 0x00007ff8c71bc000 	C:\Windows\System32\sechost.dll
0x00007ff8c7830000 - 0x00007ff8c7956000 	C:\Windows\System32\RPCRT4.dll
0x00007ff8c7690000 - 0x00007ff8c782d000 	C:\Windows\System32\USER32.dll
0x00007ff8c5430000 - 0x00007ff8c5452000 	C:\Windows\System32\win32u.dll
0x00007ff8bc990000 - 0x00007ff8bcc2a000 	C:\Windows\WinSxS\amd64_microsoft.windows.common-controls_6595b64144ccf1df_6.0.19041.1110_none_60b5254171f9507e\COMCTL32.dll
0x00007ff8c68a0000 - 0x00007ff8c68cc000 	C:\Windows\System32\GDI32.dll
0x00007ff8c51b0000 - 0x00007ff8c52c5000 	C:\Windows\System32\gdi32full.dll
0x00007ff8c5340000 - 0x00007ff8c53dd000 	C:\Windows\System32\msvcp_win.dll
0x00007ff8c01e0000 - 0x00007ff8c01ea000 	C:\Windows\SYSTEM32\VERSION.dll
0x00007ff8c6870000 - 0x00007ff8c68a0000 	C:\Windows\System32\IMM32.DLL
0x00007ff8bc960000 - 0x00007ff8bc96c000 	C:\Program Files\Java\jdk-20\bin\vcruntime140_1.dll
0x00007ff8a9e10000 - 0x00007ff8a9e9e000 	C:\Program Files\Java\jdk-20\bin\msvcp140.dll
0x00007ff8725b0000 - 0x00007ff873247000 	C:\Program Files\Java\jdk-20\bin\server\jvm.dll
0x00007ff8c21e0000 - 0x00007ff8c21e9000 	C:\Windows\SYSTEM32\WSOCK32.dll
0x00007ff8b71d0000 - 0x00007ff8b71f7000 	C:\Windows\SYSTEM32\WINMM.dll
0x00007ff8c6f80000 - 0x00007ff8c6feb000 	C:\Windows\System32\WS2_32.dll
0x00007ff8c3c50000 - 0x00007ff8c3c62000 	C:\Windows\SYSTEM32\kernel.appcore.dll
0x00007ff8ba860000 - 0x00007ff8ba86a000 	C:\Program Files\Java\jdk-20\bin\jimage.dll
0x00007ff8c3710000 - 0x00007ff8c38f4000 	C:\Windows\SYSTEM32\DBGHELP.DLL
0x00007ff8be460000 - 0x00007ff8be494000 	C:\Windows\SYSTEM32\dbgcore.DLL
0x00007ff8c59f0000 - 0x00007ff8c5a72000 	C:\Windows\System32\bcryptPrimitives.dll
0x00007ff8aa4a0000 - 0x00007ff8aa4c6000 	C:\Program Files\Java\jdk-20\bin\java.dll
0x00007ff8a6550000 - 0x00007ff8a6627000 	C:\Program Files\Java\jdk-20\bin\jsvml.dll
0x00007ff8c5b90000 - 0x00007ff8c62d4000 	C:\Windows\System32\SHELL32.dll
0x00007ff8c2e70000 - 0x00007ff8c3603000 	C:\Windows\SYSTEM32\windows.storage.dll
0x00007ff8c71c0000 - 0x00007ff8c7514000 	C:\Windows\System32\combase.dll
0x00007ff8c4b20000 - 0x00007ff8c4b4e000 	C:\Windows\SYSTEM32\Wldp.dll
0x00007ff8c6be0000 - 0x00007ff8c6c8d000 	C:\Windows\System32\SHCORE.dll
0x00007ff8c5b30000 - 0x00007ff8c5b85000 	C:\Windows\System32\shlwapi.dll
0x00007ff8c50e0000 - 0x00007ff8c5105000 	C:\Windows\SYSTEM32\profapi.dll
0x00007ff8ace20000 - 0x00007ff8ace33000 	C:\Program Files\Java\jdk-20\bin\net.dll
0x00007ff8bf3c0000 - 0x00007ff8bf4ca000 	C:\Windows\SYSTEM32\WINHTTP.dll
0x00007ff8c4880000 - 0x00007ff8c48ea000 	C:\Windows\system32\mswsock.dll
0x00007ff8abfb0000 - 0x00007ff8abfc6000 	C:\Program Files\Java\jdk-20\bin\nio.dll
0x00007ff8aa480000 - 0x00007ff8aa498000 	C:\Program Files\Java\jdk-20\bin\zip.dll
0x00007ff88d780000 - 0x00007ff88d911000 	C:\Program Files\Java\jdk-20\bin\awt.dll
0x00007ff8c7520000 - 0x00007ff8c75ed000 	C:\Windows\System32\OLEAUT32.dll
0x00007ff8c25c0000 - 0x00007ff8c2651000 	C:\Windows\SYSTEM32\apphelp.dll
0x00007ff8c2880000 - 0x00007ff8c28af000 	C:\Windows\system32\DWMAPI.DLL
0x00007ff8c26d0000 - 0x00007ff8c276e000 	C:\Windows\system32\uxtheme.dll
0x00007ff8aad40000 - 0x00007ff8aae65000 	C:\Windows\system32\opengl32.dll
0x00007ff8ba290000 - 0x00007ff8ba2bc000 	C:\Windows\SYSTEM32\GLU32.dll
0x00007ff8c6750000 - 0x00007ff8c6864000 	C:\Windows\System32\MSCTF.dll
0x00007ff8c6ff0000 - 0x00007ff8c711a000 	C:\Windows\System32\ole32.dll

dbghelp: loaded successfully - version: 4.0.5 - missing functions: none
symbol engine: initialized successfully - sym options: 0x614 - pdb path: .;C:\Program Files\Java\jdk-20\bin;C:\Windows\SYSTEM32;C:\Windows\WinSxS\amd64_microsoft.windows.common-controls_6595b64144ccf1df_6.0.19041.1110_none_60b5254171f9507e;C:\Program Files\Java\jdk-20\bin\server

VM Arguments:
jvm_args: -Dfile.encoding=UTF-8 --module-path=C:\Users\User\Documents\NetBeansProjects\student1\build\classes 
java_command: student1.Home
java_class_path (initial): C:\Program Files\NetBeans-19\netbeans\java\modules\ext\AbsoluteLayout.jar;C:\Users\User\Documents\NetBeansProjects\mysql-connector-java-8.0.28.jar;C:\Users\User\Documents\NetBeansProjects\student1\build\classes
Launcher Type: SUN_STANDARD

[Global flags]
     intx CICompilerCount                          = 3                                         {product} {ergonomic}
     uint ConcGCThreads                            = 1                                         {product} {ergonomic}
     uint G1ConcRefinementThreads                  = 4                                         {product} {ergonomic}
   size_t G1HeapRegionSize                         = 1048576                                   {product} {ergonomic}
    uintx GCDrainStackTargetSize                   = 64                                        {product} {ergonomic}
   size_t InitialHeapSize                          = 67108864                                  {product} {ergonomic}
   size_t MarkStackSize                            = 4194304                                   {product} {ergonomic}
   size_t MaxHeapSize                              = 1052770304                                {product} {ergonomic}
   size_t MaxNewSize                               = 631242752                                 {product} {ergonomic}
   size_t MinHeapDeltaBytes                        = 1048576                                   {product} {ergonomic}
   size_t MinHeapSize                              = 8388608                                   {product} {ergonomic}
    uintx NonNMethodCodeHeapSize                   = 5832780                                {pd product} {ergonomic}
    uintx NonProfiledCodeHeapSize                  = 122912730                              {pd product} {ergonomic}
    uintx ProfiledCodeHeapSize                     = 122912730                              {pd product} {ergonomic}
    uintx ReservedCodeCacheSize                    = 251658240                              {pd product} {ergonomic}
     bool SegmentedCodeCache                       = true                                      {product} {ergonomic}
   size_t SoftMaxHeapSize                          = 1052770304                             {manageable} {ergonomic}
     bool UseCompressedClassPointers               = true                           {product lp64_product} {ergonomic}
     bool UseCompressedOops                        = true                           {product lp64_product} {ergonomic}
     bool UseG1GC                                  = true                                      {product} {ergonomic}
     bool UseLargePagesIndividualAllocation        = false                                  {pd product} {ergonomic}

Logging:
Log output configuration:
 #0: stdout all=warning uptime,level,tags foldmultilines=false
 #1: stderr all=off uptime,level,tags foldmultilines=false

Environment Variables:
PATH=C:\Program Files\Common Files\Oracle\Java\javapath;C:\Windows\system32;C:\Windows;C:\Windows\System32\Wbem;C:\Windows\System32\WindowsPowerShell\v1.0\;C:\Windows\System32\OpenSSH\;C:\Program Files\Java\jdk-20\bin;C:\Program Files\MySQL\MySQL Shell 8.0\bin\;C:\Users\User\AppData\Local\Microsoft\WindowsApps;
USERNAME=User
OS=Windows_NT
PROCESSOR_IDENTIFIER=Intel64 Family 6 Model 142 Stepping 9, GenuineIntel
TMP=C:\Users\User\AppData\Local\Temp
TEMP=C:\Users\User\AppData\Local\Temp




---------------  S Y S T E M  ---------------

OS:
 Windows 10 , 64 bit Build 19041 (10.0.19041.3155)
OS uptime: 33 days 4:25 hours

CPU: total 4 (initial active 4) (2 cores per cpu, 2 threads per core) family 6 model 142 stepping 9 microcode 0xb4, cx8, cmov, fxsr, ht, mmx, 3dnowpref, sse, sse2, sse3, ssse3, sse4.1, sse4.2, popcnt, lzcnt, tsc, tscinvbit, avx, avx2, aes, erms, clmul, bmi1, bmi2, adx, fma, vzeroupper, clflush, clflushopt, rdtscp, f16c

Memory: 4k page, system-wide physical 4011M (283M free)
TotalPageFile size 16299M (AvailPageFile size 4M)
current process WorkingSet (physical memory assigned to process): 66M, peak: 66M
current process commit charge ("private bytes"): 149M, peak: 150M

vm_info: Java HotSpot(TM) 64-Bit Server VM (20.0.1+9-29) for windows-amd64 JRE (20.0.1+9-29), built on 2023-03-07T13:56:11Z by "mach5one" with MS VC++ 17.1 (VS2022)

END.
