#
# There is insufficient memory for the Java Runtime Environment to continue.
# Native memory allocation (malloc) failed to allocate 1048576 bytes for AllocateHeap
# Possible reasons:
#   The system is out of physical RAM or swap space
#   The process is running with CompressedOops enabled, and the Java Heap may be blocking the growth of the native heap
# Possible solutions:
#   Reduce memory load on the system
#   Increase physical memory or swap space
#   Check if swap backing store is full
#   Decrease Java heap size (-Xmx/-Xms)
#   Decrease number of Java threads
#   Decrease Java thread stack sizes (-Xss)
#   Set larger code cache with -XX:ReservedCodeCacheSize=
#   JVM is running with Unscaled Compressed Oops mode in which the Java heap is
#     placed in the first 4GB address space. The Java Heap base address is the
#     maximum limit for the native heap growth. Please use -XX:HeapBaseMinAddress
#     to set the Java Heap base and to place the Java Heap above 4GB virtual address.
# This output file may be truncated or incomplete.
#
#  Out of Memory Error (allocation.cpp:44), pid=7712, tid=15860
#
# JRE version:  (20.0.1+9) (build )
# Java VM: Java HotSpot(TM) 64-Bit Server VM (20.0.1+9-29, mixed mode, sharing, tiered, compressed oops, compressed class ptrs, g1 gc, windows-amd64)
# No core dump will be written. Minidumps are not enabled by default on client versions of Windows
#

---------------  S U M M A R Y ------------

Command Line: -Dfile.encoding=UTF-8 --module-path=C:\Users\User\Documents\NetBeansProjects\student1\build\classes student1.EP

Host: Intel(R) Core(TM) i3-7100U CPU @ 2.40GHz, 4 cores, 3G,  Windows 10 , 64 bit Build 19041 (10.0.19041.3155)
Time: Tue Sep 26 13:51:21 2023 Sri Lanka Standard Time elapsed time: 0.068211 seconds (0d 0h 0m 0s)

---------------  T H R E A D  ---------------

Current thread (0x000002307d2d60b0):  JavaThread "Unknown thread" [_thread_in_vm, id=15860, stack(0x000000976f100000,0x000000976f200000)]

Stack: [0x000000976f100000,0x000000976f200000]
Native frames: (J=compiled Java code, j=interpreted, Vv=VM code, C=native code)
V  [jvm.dll+0x6bb95a]
V  [jvm.dll+0x8485fa]
V  [jvm.dll+0x84a1f5]
V  [jvm.dll+0x84a8f3]
V  [jvm.dll+0x280b0f]
V  [jvm.dll+0xbcec5]
V  [jvm.dll+0x329165]
V  [jvm.dll+0x81128a]
V  [jvm.dll+0x3c0d91]
V  [jvm.dll+0x7fcfe3]
V  [jvm.dll+0x44c76f]
V  [jvm.dll+0x44e0e1]
C  [jli.dll+0x5287]
C  [ucrtbase.dll+0x21bb2]
C  [KERNEL32.DLL+0x17614]
C  [ntdll.dll+0x526b1]


---------------  P R O C E S S  ---------------

Threads class SMR info:
_java_thread_list=0x00007ff88d17a098, length=0, elements={
}

Java Threads: ( => current thread )

Other Threads:

=>0x000002307d2d60b0 (exited) JavaThread "Unknown thread" [_thread_in_vm, id=15860, stack(0x000000976f100000,0x000000976f200000)]

Threads with active compile tasks:

VM state: not at safepoint (not fully initialized)

VM Mutex/Monitor currently owned by a thread: None

Heap address: 0x0000000000000000, size: 0 MB, Compressed Oops mode: 32-bit

CDS archive(s) mapped at: [0x0000000000000000-0x0000000000000000-0x0000000000000000), size 0, SharedBaseAddress: 0x0000000800000000, ArchiveRelocationMode: 0.
Narrow klass base: 0x0000000000000000, Narrow klass shift: 0, Narrow klass range: 0x0

GC Precious Log:
 CardTable entry size: 512
 Card Set container configuration: InlinePtr #cards 5 size 8 Array Of Cards #cards 12 size 40 Howl #buckets 4 coarsen threshold 1843 Howl Bitmap #cards 512 size 80 coarsen threshold 460 Card regions per heap region 1 cards per card region 2048

GC Heap History (0 events):
No events

Dll operation events (1 events):
Event: 0.011 Loaded shared library C:\Program Files\Java\jdk-20\bin\java.dll

Deoptimization events (0 events):
No events

Classes loaded (0 events):
No events

Classes unloaded (0 events):
No events

Classes redefined (0 events):
No events

Internal exceptions (0 events):
No events

VM Operations (0 events):
No events

Events (0 events):
No events


Dynamic libraries:
0x00007ff79dd00000 - 0x00007ff79dd10000 	C:\Program Files\Java\jdk-20\bin\java.exe
0x00007ff8c7ad0000 - 0x00007ff8c7cc8000 	C:\Windows\SYSTEM32\ntdll.dll
0x00007ff8c79d0000 - 0x00007ff8c7a8f000 	C:\Windows\System32\KERNEL32.DLL
0x00007ff8c5460000 - 0x00007ff8c5756000 	C:\Windows\System32\KERNELBASE.dll
0x00007ff8c5760000 - 0x00007ff8c5860000 	C:\Windows\System32\ucrtbase.dll
0x00007ff8c2160000 - 0x00007ff8c217b000 	C:\Program Files\Java\jdk-20\bin\VCRUNTIME140.dll
0x00007ff8b2680000 - 0x00007ff8b2699000 	C:\Program Files\Java\jdk-20\bin\jli.dll
0x00007ff8c6ed0000 - 0x00007ff8c6f7f000 	C:\Windows\System32\ADVAPI32.dll
0x00007ff8c75f0000 - 0x00007ff8c768e000 	C:\Windows\System32\msvcrt.dll
0x00007ff8c7120000 - 0x00007ff8c71bc000 	C:\Windows\System32\sechost.dll
0x00007ff8c7830000 - 0x00007ff8c7956000 	C:\Windows\System32\RPCRT4.dll
0x00007ff8c7690000 - 0x00007ff8c782d000 	C:\Windows\System32\USER32.dll
0x00007ff8c5430000 - 0x00007ff8c5452000 	C:\Windows\System32\win32u.dll
0x00007ff8c68a0000 - 0x00007ff8c68cc000 	C:\Windows\System32\GDI32.dll
0x00007ff8bc990000 - 0x00007ff8bcc2a000 	C:\Windows\WinSxS\amd64_microsoft.windows.common-controls_6595b64144ccf1df_6.0.19041.1110_none_60b5254171f9507e\COMCTL32.dll
0x00007ff8c51b0000 - 0x00007ff8c52c5000 	C:\Windows\System32\gdi32full.dll
0x00007ff8c5340000 - 0x00007ff8c53dd000 	C:\Windows\System32\msvcp_win.dll
0x00007ff8c01e0000 - 0x00007ff8c01ea000 	C:\Windows\SYSTEM32\VERSION.dll
0x00007ff8c6870000 - 0x00007ff8c68a0000 	C:\Windows\System32\IMM32.DLL
0x00007ff8c20b0000 - 0x00007ff8c20bc000 	C:\Program Files\Java\jdk-20\bin\vcruntime140_1.dll
0x00007ff89faf0000 - 0x00007ff89fb7e000 	C:\Program Files\Java\jdk-20\bin\msvcp140.dll
0x00007ff88c620000 - 0x00007ff88d2b7000 	C:\Program Files\Java\jdk-20\bin\server\jvm.dll
0x00007ff8c20c0000 - 0x00007ff8c20c9000 	C:\Windows\SYSTEM32\WSOCK32.dll
0x00007ff8b71d0000 - 0x00007ff8b71f7000 	C:\Windows\SYSTEM32\WINMM.dll
0x00007ff8c6f80000 - 0x00007ff8c6feb000 	C:\Windows\System32\ws2_32.DLL
0x00007ff8c3c50000 - 0x00007ff8c3c62000 	C:\Windows\SYSTEM32\kernel.appcore.dll
0x00007ff8c20a0000 - 0x00007ff8c20aa000 	C:\Program Files\Java\jdk-20\bin\jimage.dll
0x00007ff8c3710000 - 0x00007ff8c38f4000 	C:\Windows\SYSTEM32\DBGHELP.DLL
0x00007ff8be460000 - 0x00007ff8be494000 	C:\Windows\SYSTEM32\dbgcore.DLL
0x00007ff8c59f0000 - 0x00007ff8c5a72000 	C:\Windows\System32\bcryptPrimitives.dll
0x00007ff8bc960000 - 0x00007ff8bc986000 	C:\Program Files\Java\jdk-20\bin\java.dll

dbghelp: loaded successfully - version: 4.0.5 - missing functions: none
symbol engine: initialized successfully - sym options: 0x614 - pdb path: .;C:\Program Files\Java\jdk-20\bin;C:\Windows\SYSTEM32;C:\Windows\WinSxS\amd64_microsoft.windows.common-controls_6595b64144ccf1df_6.0.19041.1110_none_60b5254171f9507e;C:\Program Files\Java\jdk-20\bin\server

VM Arguments:
jvm_args: -Dfile.encoding=UTF-8 --module-path=C:\Users\User\Documents\NetBeansProjects\student1\build\classes 
java_command: student1.EP
java_class_path (initial): C:\Program Files\NetBeans-19\netbeans\java\modules\ext\AbsoluteLayout.jar;C:\Users\User\Documents\NetBeansProjects\mysql-connector-java-8.0.28.jar;C:\Users\User\Documents\NetBeansProjects\student1\build\classes
Launcher Type: SUN_STANDARD

[Global flags]
     intx CICompilerCount                          = 3                                         {product} {ergonomic}
     uint ConcGCThreads                            = 1                                         {product} {ergonomic}
     uint G1ConcRefinementThreads                  = 4                                         {product} {ergonomic}
   size_t G1HeapRegionSize                         = 1048576                                   {product} {ergonomic}
    uintx GCDrainStackTargetSize                   = 64                                        {product} {ergonomic}
   size_t InitialHeapSize                          = 67108864                                  {product} {ergonomic}
   size_t MarkStackSize                            = 4194304                                   {product} {ergonomic}
   size_t MaxHeapSize                              = 1052770304                                {product} {ergonomic}
   size_t MinHeapDeltaBytes                        = 1048576                                   {product} {ergonomic}
   size_t MinHeapSize                              = 8388608                                   {product} {ergonomic}
    uintx NonNMethodCodeHeapSize                   = 5832780                                {pd product} {ergonomic}
    uintx NonProfiledCodeHeapSize                  = 122912730                              {pd product} {ergonomic}
    uintx ProfiledCodeHeapSize                     = 122912730                              {pd product} {ergonomic}
    uintx ReservedCodeCacheSize                    = 251658240                              {pd product} {ergonomic}
     bool SegmentedCodeCache                       = true                                      {product} {ergonomic}
   size_t SoftMaxHeapSize                          = 1052770304                             {manageable} {ergonomic}
     bool UseCompressedClassPointers               = true                           {product lp64_product} {ergonomic}
     bool UseCompressedOops                        = true                           {product lp64_product} {ergonomic}
     bool UseG1GC                                  = true                                      {product} {ergonomic}
     bool UseLargePagesIndividualAllocation        = false                                  {pd product} {ergonomic}

Logging:
Log output configuration:
 #0: stdout all=warning uptime,level,tags foldmultilines=false
 #1: stderr all=off uptime,level,tags foldmultilines=false

Environment Variables:
PATH=C:\Program Files\Common Files\Oracle\Java\javapath;C:\Windows\system32;C:\Windows;C:\Windows\System32\Wbem;C:\Windows\System32\WindowsPowerShell\v1.0\;C:\Windows\System32\OpenSSH\;C:\Program Files\Java\jdk-20\bin;C:\Program Files\MySQL\MySQL Shell 8.0\bin\;C:\Users\User\AppData\Local\Microsoft\WindowsApps;
USERNAME=User
OS=Windows_NT
PROCESSOR_IDENTIFIER=Intel64 Family 6 Model 142 Stepping 9, GenuineIntel
TMP=C:\Users\User\AppData\Local\Temp
TEMP=C:\Users\User\AppData\Local\Temp




---------------  S Y S T E M  ---------------

OS:
 Windows 10 , 64 bit Build 19041 (10.0.19041.3155)
OS uptime: 33 days 21:55 hours

CPU: total 4 (initial active 4) (2 cores per cpu, 2 threads per core) family 6 model 142 stepping 9 microcode 0xb4, cx8, cmov, fxsr, ht, mmx, 3dnowpref, sse, sse2, sse3, ssse3, sse4.1, sse4.2, popcnt, lzcnt, tsc, tscinvbit, avx, avx2, aes, erms, clmul, bmi1, bmi2, adx, fma, vzeroupper, clflush, clflushopt, rdtscp, f16c

Memory: 4k page, system-wide physical 4011M (270M free)
TotalPageFile size 16299M (AvailPageFile size 5M)
current process WorkingSet (physical memory assigned to process): 9M, peak: 9M
current process commit charge ("private bytes"): 14M, peak: 15M

vm_info: Java HotSpot(TM) 64-Bit Server VM (20.0.1+9-29) for windows-amd64 JRE (20.0.1+9-29), built on 2023-03-07T13:56:11Z by "mach5one" with MS VC++ 17.1 (VS2022)

END.
